2025-08-04 11:57:53,490 | INFO | Directory tree generated successfully.
2025-08-04 11:57:53,491 | INFO | Database schema dumped successfully.
2025-08-04 11:57:53,491 | INFO | Skipped non-text file: /Users/stevencohen/Projects/universal_recycling/orders_project/frontend/.DS_Store
2025-08-04 11:57:53,492 | INFO | Skipped non-text file: /Users/stevencohen/Projects/universal_recycling/orders_project/frontend/static/.DS_Store
2025-08-04 11:57:53,492 | INFO | Dumped file: /Users/stevencohen/Projects/universal_recycling/orders_project/frontend/static/css/core-ui.css
2025-08-04 11:57:53,492 | INFO | Dumped file: /Users/stevencohen/Projects/universal_recycling/orders_project/frontend/static/css/fuzzy_dropdown_fix.css
2025-08-04 11:57:53,492 | INFO | Dumped file: /Users/stevencohen/Projects/universal_recycling/orders_project/frontend/static/css/style.css
2025-08-04 11:57:53,492 | INFO | Skipped non-text file: /Users/stevencohen/Projects/universal_recycling/orders_project/frontend/static/images/universal_logo.jpg
2025-08-04 11:57:53,492 | INFO | Skipped non-text file: /Users/stevencohen/Projects/universal_recycling/orders_project/frontend/static/js/.DS_Store
2025-08-04 11:57:53,492 | INFO | Dumped file: /Users/stevencohen/Projects/universal_recycling/orders_project/frontend/static/js/audit_trail.js
2025-08-04 11:57:53,493 | INFO | Dumped file: /Users/stevencohen/Projects/universal_recycling/orders_project/frontend/static/js/audit_trail_expand.js
2025-08-04 11:57:53,493 | INFO | Dumped file: /Users/stevencohen/Projects/universal_recycling/orders_project/frontend/static/js/authorisations_per_user.js
2025-08-04 11:57:53,493 | INFO | Dumped file: /Users/stevencohen/Projects/universal_recycling/orders_project/frontend/static/js/cod_orders.js
2025-08-04 11:57:53,493 | INFO | Dumped file: /Users/stevencohen/Projects/universal_recycling/orders_project/frontend/static/js/draft_orders_main.js
2025-08-04 11:57:53,493 | INFO | Dumped file: /Users/stevencohen/Projects/universal_recycling/orders_project/frontend/static/js/login.js
2025-08-04 11:57:53,493 | INFO | Dumped file: /Users/stevencohen/Projects/universal_recycling/orders_project/frontend/static/js/maintenance.js
2025-08-04 11:57:53,494 | INFO | Dumped file: /Users/stevencohen/Projects/universal_recycling/orders_project/frontend/static/js/new_order_main.js
2025-08-04 11:57:53,494 | INFO | Dumped file: /Users/stevencohen/Projects/universal_recycling/orders_project/frontend/static/js/new_order_modals.js
2025-08-04 11:57:53,494 | INFO | Dumped file: /Users/stevencohen/Projects/universal_recycling/orders_project/frontend/static/js/new_requisition_main.js
2025-08-04 11:57:53,494 | INFO | Dumped file: /Users/stevencohen/Projects/universal_recycling/orders_project/frontend/static/js/new_requisitions_pdf_generator.py
2025-08-04 11:57:53,494 | INFO | Dumped file: /Users/stevencohen/Projects/universal_recycling/orders_project/frontend/static/js/partially_delivered.js
2025-08-04 11:57:53,494 | INFO | Dumped file: /Users/stevencohen/Projects/universal_recycling/orders_project/frontend/static/js/pending_orders.js
2025-08-04 11:57:53,494 | INFO | Dumped file: /Users/stevencohen/Projects/universal_recycling/orders_project/frontend/static/js/pending_requisitions.js
2025-08-04 11:57:53,495 | INFO | Dumped file: /Users/stevencohen/Projects/universal_recycling/orders_project/frontend/static/js/received_orders.js
2025-08-04 11:57:53,495 | INFO | Dumped file: /Users/stevencohen/Projects/universal_recycling/orders_project/frontend/static/js/new_order_screen/pdf_utils.js
2025-08-04 11:57:53,495 | INFO | Dumped file: /Users/stevencohen/Projects/universal_recycling/orders_project/frontend/static/js/new_order_screen/submit_draft_order_utils.js
2025-08-04 11:57:53,495 | INFO | Dumped file: /Users/stevencohen/Projects/universal_recycling/orders_project/frontend/static/js/new_order_screen/submit_utils.js
2025-08-04 11:57:53,495 | INFO | Dumped file: /Users/stevencohen/Projects/universal_recycling/orders_project/frontend/static/js/maintenance_screen/business_details.js
2025-08-04 11:57:53,495 | INFO | Dumped file: /Users/stevencohen/Projects/universal_recycling/orders_project/frontend/static/js/maintenance_screen/index.js
2025-08-04 11:57:53,496 | INFO | Dumped file: /Users/stevencohen/Projects/universal_recycling/orders_project/frontend/static/js/maintenance_screen/items.js
2025-08-04 11:57:53,496 | INFO | Dumped file: /Users/stevencohen/Projects/universal_recycling/orders_project/frontend/static/js/maintenance_screen/projects.js
2025-08-04 11:57:53,496 | INFO | Dumped file: /Users/stevencohen/Projects/universal_recycling/orders_project/frontend/static/js/maintenance_screen/requesters.js
2025-08-04 11:57:53,496 | INFO | Dumped file: /Users/stevencohen/Projects/universal_recycling/orders_project/frontend/static/js/maintenance_screen/requisitioners.js
2025-08-04 11:57:53,496 | INFO | Dumped file: /Users/stevencohen/Projects/universal_recycling/orders_project/frontend/static/js/maintenance_screen/settings.js
2025-08-04 11:57:53,496 | INFO | Dumped file: /Users/stevencohen/Projects/universal_recycling/orders_project/frontend/static/js/maintenance_screen/suppliers.js
2025-08-04 11:57:53,497 | INFO | Dumped file: /Users/stevencohen/Projects/universal_recycling/orders_project/frontend/static/js/maintenance_screen/users.js
2025-08-04 11:57:53,497 | INFO | Dumped file: /Users/stevencohen/Projects/universal_recycling/orders_project/frontend/static/js/admin/edit_order_main.js
2025-08-04 11:57:53,497 | INFO | Dumped file: /Users/stevencohen/Projects/universal_recycling/orders_project/frontend/static/js/components/attachment_modal.js
2025-08-04 11:57:53,497 | INFO | Dumped file: /Users/stevencohen/Projects/universal_recycling/orders_project/frontend/static/js/components/expand_line_items.js
2025-08-04 11:57:53,497 | INFO | Dumped file: /Users/stevencohen/Projects/universal_recycling/orders_project/frontend/static/js/components/expand_requisition_items.js
2025-08-04 11:57:53,497 | INFO | Dumped file: /Users/stevencohen/Projects/universal_recycling/orders_project/frontend/static/js/components/fuzzy_dropdown.js
2025-08-04 11:57:53,497 | INFO | Dumped file: /Users/stevencohen/Projects/universal_recycling/orders_project/frontend/static/js/components/mobile_pdf_modal.js
2025-08-04 11:57:53,498 | INFO | Dumped file: /Users/stevencohen/Projects/universal_recycling/orders_project/frontend/static/js/components/order_note_modal.js
2025-08-04 11:57:53,498 | INFO | Dumped file: /Users/stevencohen/Projects/universal_recycling/orders_project/frontend/static/js/components/payments_modal.js
2025-08-04 11:57:53,498 | INFO | Dumped file: /Users/stevencohen/Projects/universal_recycling/orders_project/frontend/static/js/components/pdf_modal.js
2025-08-04 11:57:53,498 | INFO | Dumped file: /Users/stevencohen/Projects/universal_recycling/orders_project/frontend/static/js/components/receive_modal.js
2025-08-04 11:57:53,498 | INFO | Dumped file: /Users/stevencohen/Projects/universal_recycling/orders_project/frontend/static/js/components/requisitions_attachment_modal.js
2025-08-04 11:57:53,498 | INFO | Dumped file: /Users/stevencohen/Projects/universal_recycling/orders_project/frontend/static/js/components/shared_filters.js
2025-08-04 11:57:53,499 | INFO | Dumped file: /Users/stevencohen/Projects/universal_recycling/orders_project/frontend/static/js/components/utils.js
2025-08-04 11:57:53,499 | INFO | Skipped non-text file: /Users/stevencohen/Projects/universal_recycling/orders_project/frontend/static/audio/.DS_Store
2025-08-04 11:57:53,499 | INFO | Skipped non-text file: /Users/stevencohen/Projects/universal_recycling/orders_project/frontend/static/audio/Alert.wav
2025-08-04 11:57:53,499 | INFO | Skipped non-text file: /Users/stevencohen/Projects/universal_recycling/orders_project/frontend/static/mobile/.DS_Store
2025-08-04 11:57:53,499 | INFO | Dumped file: /Users/stevencohen/Projects/universal_recycling/orders_project/frontend/static/mobile/manifest.json
2025-08-04 11:57:53,499 | INFO | Dumped file: /Users/stevencohen/Projects/universal_recycling/orders_project/frontend/static/mobile/service-worker.js
2025-08-04 11:57:53,499 | INFO | Dumped file: /Users/stevencohen/Projects/universal_recycling/orders_project/frontend/static/mobile/css/mobile_authorisations.css
2025-08-04 11:57:53,500 | INFO | Skipped non-text file: /Users/stevencohen/Projects/universal_recycling/orders_project/frontend/static/mobile/js/.DS_Store
2025-08-04 11:57:53,500 | INFO | Dumped file: /Users/stevencohen/Projects/universal_recycling/orders_project/frontend/static/mobile/js/authorisations_screen/mobile_main.js
2025-08-04 11:57:53,500 | INFO | Dumped file: /Users/stevencohen/Projects/universal_recycling/orders_project/frontend/static/mobile/js/authorisations_screen/mobile_requisition.js
2025-08-04 11:57:53,500 | INFO | Skipped non-text file: /Users/stevencohen/Projects/universal_recycling/orders_project/frontend/templates/.DS_Store
2025-08-04 11:57:53,500 | INFO | Dumped file: /Users/stevencohen/Projects/universal_recycling/orders_project/frontend/templates/_tab_nav.html
2025-08-04 11:57:53,500 | INFO | Dumped file: /Users/stevencohen/Projects/universal_recycling/orders_project/frontend/templates/access_denied.html
2025-08-04 11:57:53,500 | INFO | Dumped file: /Users/stevencohen/Projects/universal_recycling/orders_project/frontend/templates/audit_trail.html
2025-08-04 11:57:53,500 | INFO | Dumped file: /Users/stevencohen/Projects/universal_recycling/orders_project/frontend/templates/authorisations_per_user.html
2025-08-04 11:57:53,501 | INFO | Dumped file: /Users/stevencohen/Projects/universal_recycling/orders_project/frontend/templates/base.html
2025-08-04 11:57:53,501 | INFO | Dumped file: /Users/stevencohen/Projects/universal_recycling/orders_project/frontend/templates/cod_orders.html
2025-08-04 11:57:53,501 | INFO | Dumped file: /Users/stevencohen/Projects/universal_recycling/orders_project/frontend/templates/draft_orders.html
2025-08-04 11:57:53,501 | INFO | Dumped file: /Users/stevencohen/Projects/universal_recycling/orders_project/frontend/templates/edit_user_modal.html
2025-08-04 11:57:53,501 | INFO | Dumped file: /Users/stevencohen/Projects/universal_recycling/orders_project/frontend/templates/home.html
2025-08-04 11:57:53,501 | INFO | Dumped file: /Users/stevencohen/Projects/universal_recycling/orders_project/frontend/templates/index.html
2025-08-04 11:57:53,501 | INFO | Dumped file: /Users/stevencohen/Projects/universal_recycling/orders_project/frontend/templates/login.html
2025-08-04 11:57:53,501 | INFO | Dumped file: /Users/stevencohen/Projects/universal_recycling/orders_project/frontend/templates/maintenance.html
2025-08-04 11:57:53,501 | INFO | Dumped file: /Users/stevencohen/Projects/universal_recycling/orders_project/frontend/templates/new_order.html
2025-08-04 11:57:53,501 | INFO | Dumped file: /Users/stevencohen/Projects/universal_recycling/orders_project/frontend/templates/new_requisition.html
2025-08-04 11:57:53,501 | INFO | Dumped file: /Users/stevencohen/Projects/universal_recycling/orders_project/frontend/templates/partially_delivered.html
2025-08-04 11:57:53,501 | INFO | Dumped file: /Users/stevencohen/Projects/universal_recycling/orders_project/frontend/templates/pdf_template.html
2025-08-04 11:57:53,502 | INFO | Dumped file: /Users/stevencohen/Projects/universal_recycling/orders_project/frontend/templates/pending_orders.html
2025-08-04 11:57:53,502 | INFO | Dumped file: /Users/stevencohen/Projects/universal_recycling/orders_project/frontend/templates/pending_requisitions.html
2025-08-04 11:57:53,502 | INFO | Dumped file: /Users/stevencohen/Projects/universal_recycling/orders_project/frontend/templates/print_template.html
2025-08-04 11:57:53,502 | INFO | Dumped file: /Users/stevencohen/Projects/universal_recycling/orders_project/frontend/templates/received_orders.html
2025-08-04 11:57:53,502 | INFO | Dumped file: /Users/stevencohen/Projects/universal_recycling/orders_project/frontend/templates/admin/edit_order.html
2025-08-04 11:57:53,502 | INFO | Dumped file: /Users/stevencohen/Projects/universal_recycling/orders_project/frontend/templates/admin/edit_order_search.html
2025-08-04 11:57:53,502 | INFO | Skipped non-text file: /Users/stevencohen/Projects/universal_recycling/orders_project/frontend/templates/mobile/.DS_Store
2025-08-04 11:57:53,502 | INFO | Dumped file: /Users/stevencohen/Projects/universal_recycling/orders_project/frontend/templates/mobile/mobile_authorisations.html
2025-08-04 11:57:53,502 | INFO | Dumped file: /Users/stevencohen/Projects/universal_recycling/orders_project/frontend/templates/mobile/mobile_login.html
2025-08-04 11:57:53,502 | INFO | Dumped file: /Users/stevencohen/Projects/universal_recycling/orders_project/frontend/templates/mobile/mobile_requisition.html
2025-08-04 11:57:53,503 | INFO | Dumped file: /Users/stevencohen/Projects/universal_recycling/orders_project/frontend/templates/mobile/mobile_requisition_login.html
2025-08-04 11:57:53,503 | INFO | Dumped file: /Users/stevencohen/Projects/universal_recycling/orders_project/backend/database.py
2025-08-04 11:57:53,503 | INFO | Dumped file: /Users/stevencohen/Projects/universal_recycling/orders_project/backend/main.py
2025-08-04 11:57:53,503 | INFO | Dumped file: /Users/stevencohen/Projects/universal_recycling/orders_project/backend/utils.py
2025-08-04 11:57:53,503 | INFO | Dumped file: /Users/stevencohen/Projects/universal_recycling/orders_project/backend/endpoints/__init__.py
2025-08-04 11:57:53,503 | INFO | Dumped file: /Users/stevencohen/Projects/universal_recycling/orders_project/backend/endpoints/audit_trail_filters.py
2025-08-04 11:57:53,503 | INFO | Dumped file: /Users/stevencohen/Projects/universal_recycling/orders_project/backend/endpoints/auth.py
2025-08-04 11:57:53,504 | INFO | Dumped file: /Users/stevencohen/Projects/universal_recycling/orders_project/backend/endpoints/authorisations_api.py
2025-08-04 11:57:53,504 | INFO | Dumped file: /Users/stevencohen/Projects/universal_recycling/orders_project/backend/endpoints/draft_orders.py
2025-08-04 11:57:53,504 | INFO | Dumped file: /Users/stevencohen/Projects/universal_recycling/orders_project/backend/endpoints/email_service.py
2025-08-04 11:57:53,504 | INFO | Dumped file: /Users/stevencohen/Projects/universal_recycling/orders_project/backend/endpoints/html_routes.py
2025-08-04 11:57:53,504 | INFO | Dumped file: /Users/stevencohen/Projects/universal_recycling/orders_project/backend/endpoints/new_order_pdf_generator.py
2025-08-04 11:57:53,504 | INFO | Dumped file: /Users/stevencohen/Projects/universal_recycling/orders_project/backend/endpoints/order_attachments.py
2025-08-04 11:57:53,504 | INFO | Dumped file: /Users/stevencohen/Projects/universal_recycling/orders_project/backend/endpoints/order_notes.py
2025-08-04 11:57:53,505 | INFO | Dumped file: /Users/stevencohen/Projects/universal_recycling/orders_project/backend/endpoints/order_queries.py
2025-08-04 11:57:53,505 | INFO | Dumped file: /Users/stevencohen/Projects/universal_recycling/orders_project/backend/endpoints/order_receiving.py
2025-08-04 11:57:53,505 | INFO | Dumped file: /Users/stevencohen/Projects/universal_recycling/orders_project/backend/endpoints/orders copy.py
2025-08-04 11:57:53,505 | INFO | Dumped file: /Users/stevencohen/Projects/universal_recycling/orders_project/backend/endpoints/orders.py
2025-08-04 11:57:53,505 | INFO | Dumped file: /Users/stevencohen/Projects/universal_recycling/orders_project/backend/endpoints/pending_order_pdf_generator.py
2025-08-04 11:57:53,506 | INFO | Dumped file: /Users/stevencohen/Projects/universal_recycling/orders_project/backend/endpoints/requisition_attachments.py
2025-08-04 11:57:53,506 | INFO | Dumped file: /Users/stevencohen/Projects/universal_recycling/orders_project/backend/endpoints/requisitions.py
2025-08-04 11:57:53,506 | INFO | Dumped file: /Users/stevencohen/Projects/universal_recycling/orders_project/backend/endpoints/utils.py
2025-08-04 11:57:53,506 | INFO | Dumped file: /Users/stevencohen/Projects/universal_recycling/orders_project/backend/endpoints/whatsapp.py
2025-08-04 11:57:53,506 | INFO | Dumped file: /Users/stevencohen/Projects/universal_recycling/orders_project/backend/endpoints/lookups/__init__.py
2025-08-04 11:57:53,506 | INFO | Dumped file: /Users/stevencohen/Projects/universal_recycling/orders_project/backend/endpoints/lookups/business_details.py
2025-08-04 11:57:53,506 | INFO | Dumped file: /Users/stevencohen/Projects/universal_recycling/orders_project/backend/endpoints/lookups/items.py
2025-08-04 11:57:53,506 | INFO | Dumped file: /Users/stevencohen/Projects/universal_recycling/orders_project/backend/endpoints/lookups/mark_cod_paid_api.py
2025-08-04 11:57:53,507 | INFO | Dumped file: /Users/stevencohen/Projects/universal_recycling/orders_project/backend/endpoints/lookups/projects.py
2025-08-04 11:57:53,507 | INFO | Dumped file: /Users/stevencohen/Projects/universal_recycling/orders_project/backend/endpoints/lookups/requesters.py
2025-08-04 11:57:53,507 | INFO | Dumped file: /Users/stevencohen/Projects/universal_recycling/orders_project/backend/endpoints/lookups/requisitioners.py
2025-08-04 11:57:53,507 | INFO | Dumped file: /Users/stevencohen/Projects/universal_recycling/orders_project/backend/endpoints/lookups/settings.py
2025-08-04 11:57:53,507 | INFO | Dumped file: /Users/stevencohen/Projects/universal_recycling/orders_project/backend/endpoints/lookups/suppliers.py
2025-08-04 11:57:53,507 | INFO | Dumped file: /Users/stevencohen/Projects/universal_recycling/orders_project/backend/endpoints/lookups/users.py
2025-08-04 11:57:53,507 | INFO | Skipped non-text file: /Users/stevencohen/Projects/universal_recycling/orders_project/backend/endpoints/lookups/__pycache__/__init__.cpython-313.pyc
2025-08-04 11:57:53,507 | INFO | Skipped non-text file: /Users/stevencohen/Projects/universal_recycling/orders_project/backend/endpoints/lookups/__pycache__/business_details.cpython-313.pyc
2025-08-04 11:57:53,507 | INFO | Skipped non-text file: /Users/stevencohen/Projects/universal_recycling/orders_project/backend/endpoints/lookups/__pycache__/items.cpython-313.pyc
2025-08-04 11:57:53,507 | INFO | Skipped non-text file: /Users/stevencohen/Projects/universal_recycling/orders_project/backend/endpoints/lookups/__pycache__/mark_cod_paid_api.cpython-313.pyc
2025-08-04 11:57:53,507 | INFO | Skipped non-text file: /Users/stevencohen/Projects/universal_recycling/orders_project/backend/endpoints/lookups/__pycache__/projects.cpython-313.pyc
2025-08-04 11:57:53,507 | INFO | Skipped non-text file: /Users/stevencohen/Projects/universal_recycling/orders_project/backend/endpoints/lookups/__pycache__/requesters.cpython-313.pyc
2025-08-04 11:57:53,507 | INFO | Skipped non-text file: /Users/stevencohen/Projects/universal_recycling/orders_project/backend/endpoints/lookups/__pycache__/requisitioners.cpython-313.pyc
2025-08-04 11:57:53,507 | INFO | Skipped non-text file: /Users/stevencohen/Projects/universal_recycling/orders_project/backend/endpoints/lookups/__pycache__/settings.cpython-313.pyc
2025-08-04 11:57:53,507 | INFO | Skipped non-text file: /Users/stevencohen/Projects/universal_recycling/orders_project/backend/endpoints/lookups/__pycache__/suppliers.cpython-313.pyc
2025-08-04 11:57:53,507 | INFO | Skipped non-text file: /Users/stevencohen/Projects/universal_recycling/orders_project/backend/endpoints/lookups/__pycache__/users.cpython-313.pyc
2025-08-04 11:57:53,507 | INFO | Dumped file: /Users/stevencohen/Projects/universal_recycling/orders_project/backend/endpoints/admin/__init__.py
2025-08-04 11:57:53,508 | INFO | Dumped file: /Users/stevencohen/Projects/universal_recycling/orders_project/backend/endpoints/admin/edit_order.py
2025-08-04 11:57:53,508 | INFO | Skipped non-text file: /Users/stevencohen/Projects/universal_recycling/orders_project/backend/endpoints/admin/__pycache__/__init__.cpython-313.pyc
2025-08-04 11:57:53,508 | INFO | Skipped non-text file: /Users/stevencohen/Projects/universal_recycling/orders_project/backend/endpoints/admin/__pycache__/edit_order.cpython-313.pyc
2025-08-04 11:57:53,508 | INFO | Skipped non-text file: /Users/stevencohen/Projects/universal_recycling/orders_project/backend/endpoints/__pycache__/__init__.cpython-313.pyc
2025-08-04 11:57:53,508 | INFO | Skipped non-text file: /Users/stevencohen/Projects/universal_recycling/orders_project/backend/endpoints/__pycache__/audit_trail_filters.cpython-313.pyc
2025-08-04 11:57:53,508 | INFO | Skipped non-text file: /Users/stevencohen/Projects/universal_recycling/orders_project/backend/endpoints/__pycache__/auth.cpython-313.pyc
2025-08-04 11:57:53,508 | INFO | Skipped non-text file: /Users/stevencohen/Projects/universal_recycling/orders_project/backend/endpoints/__pycache__/draft_orders.cpython-313.pyc
2025-08-04 11:57:53,508 | INFO | Skipped non-text file: /Users/stevencohen/Projects/universal_recycling/orders_project/backend/endpoints/__pycache__/email_service.cpython-313.pyc
2025-08-04 11:57:53,508 | INFO | Skipped non-text file: /Users/stevencohen/Projects/universal_recycling/orders_project/backend/endpoints/__pycache__/html_routes.cpython-313.pyc
2025-08-04 11:57:53,508 | INFO | Skipped non-text file: /Users/stevencohen/Projects/universal_recycling/orders_project/backend/endpoints/__pycache__/new_order_pdf_generator.cpython-313.pyc
2025-08-04 11:57:53,508 | INFO | Skipped non-text file: /Users/stevencohen/Projects/universal_recycling/orders_project/backend/endpoints/__pycache__/order_attachments.cpython-313.pyc
2025-08-04 11:57:53,508 | INFO | Skipped non-text file: /Users/stevencohen/Projects/universal_recycling/orders_project/backend/endpoints/__pycache__/order_notes.cpython-313.pyc
2025-08-04 11:57:53,508 | INFO | Skipped non-text file: /Users/stevencohen/Projects/universal_recycling/orders_project/backend/endpoints/__pycache__/order_queries.cpython-313.pyc
2025-08-04 11:57:53,508 | INFO | Skipped non-text file: /Users/stevencohen/Projects/universal_recycling/orders_project/backend/endpoints/__pycache__/order_receiving.cpython-313.pyc
2025-08-04 11:57:53,508 | INFO | Skipped non-text file: /Users/stevencohen/Projects/universal_recycling/orders_project/backend/endpoints/__pycache__/orders.cpython-313.pyc
2025-08-04 11:57:53,508 | INFO | Skipped non-text file: /Users/stevencohen/Projects/universal_recycling/orders_project/backend/endpoints/__pycache__/pending_order_pdf_generator.cpython-313.pyc
2025-08-04 11:57:53,508 | INFO | Skipped non-text file: /Users/stevencohen/Projects/universal_recycling/orders_project/backend/endpoints/__pycache__/requisition_attachments.cpython-313.pyc
2025-08-04 11:57:53,508 | INFO | Skipped non-text file: /Users/stevencohen/Projects/universal_recycling/orders_project/backend/endpoints/__pycache__/requisitions.cpython-313.pyc
2025-08-04 11:57:53,508 | INFO | Skipped non-text file: /Users/stevencohen/Projects/universal_recycling/orders_project/backend/endpoints/__pycache__/utils.cpython-313.pyc
2025-08-04 11:57:53,508 | INFO | Dumped file: /Users/stevencohen/Projects/universal_recycling/orders_project/backend/endpoints/mobile/mobile_auth.py
2025-08-04 11:57:53,508 | INFO | Dumped file: /Users/stevencohen/Projects/universal_recycling/orders_project/backend/endpoints/mobile/mobile_awaiting_authorisation.py
2025-08-04 11:57:53,508 | INFO | Dumped file: /Users/stevencohen/Projects/universal_recycling/orders_project/backend/endpoints/mobile/mobile_requisition.py
2025-08-04 11:57:53,508 | INFO | Dumped file: /Users/stevencohen/Projects/universal_recycling/orders_project/backend/endpoints/mobile/mobile_requisition_auth.py
2025-08-04 11:57:53,508 | INFO | Skipped non-text file: /Users/stevencohen/Projects/universal_recycling/orders_project/backend/endpoints/mobile/__pycache__/mobile_auth.cpython-313.pyc
2025-08-04 11:57:53,508 | INFO | Skipped non-text file: /Users/stevencohen/Projects/universal_recycling/orders_project/backend/endpoints/mobile/__pycache__/mobile_awaiting_authorisation.cpython-313.pyc
2025-08-04 11:57:53,508 | INFO | Skipped non-text file: /Users/stevencohen/Projects/universal_recycling/orders_project/backend/endpoints/mobile/__pycache__/mobile_requisition.cpython-313.pyc
2025-08-04 11:57:53,508 | INFO | Skipped non-text file: /Users/stevencohen/Projects/universal_recycling/orders_project/backend/endpoints/mobile/__pycache__/mobile_requisition_auth.cpython-313.pyc
2025-08-04 11:57:53,508 | INFO | Dumped file: /Users/stevencohen/Projects/universal_recycling/orders_project/backend/utils/__init__.py
2025-08-04 11:57:53,509 | INFO | Dumped file: /Users/stevencohen/Projects/universal_recycling/orders_project/backend/utils/db_utils.py
2025-08-04 11:57:53,509 | INFO | Dumped file: /Users/stevencohen/Projects/universal_recycling/orders_project/backend/utils/order_utils.py
2025-08-04 11:57:53,509 | INFO | Dumped file: /Users/stevencohen/Projects/universal_recycling/orders_project/backend/utils/permissions_utils.py
2025-08-04 11:57:53,509 | INFO | Dumped file: /Users/stevencohen/Projects/universal_recycling/orders_project/backend/utils/send_email.py
2025-08-04 11:57:53,509 | INFO | Skipped non-text file: /Users/stevencohen/Projects/universal_recycling/orders_project/backend/utils/__pycache__/__init__.cpython-313.pyc
2025-08-04 11:57:53,509 | INFO | Skipped non-text file: /Users/stevencohen/Projects/universal_recycling/orders_project/backend/utils/__pycache__/db_utils.cpython-313.pyc
2025-08-04 11:57:53,509 | INFO | Skipped non-text file: /Users/stevencohen/Projects/universal_recycling/orders_project/backend/utils/__pycache__/order_utils.cpython-313.pyc
2025-08-04 11:57:53,509 | INFO | Skipped non-text file: /Users/stevencohen/Projects/universal_recycling/orders_project/backend/utils/__pycache__/permissions_utils.cpython-313.pyc
2025-08-04 11:57:53,509 | INFO | Skipped non-text file: /Users/stevencohen/Projects/universal_recycling/orders_project/backend/utils/__pycache__/send_email.cpython-313.pyc
2025-08-04 11:57:53,509 | INFO | Skipped non-text file: /Users/stevencohen/Projects/universal_recycling/orders_project/backend/__pycache__/database.cpython-313.pyc
2025-08-04 11:57:53,509 | INFO | Skipped non-text file: /Users/stevencohen/Projects/universal_recycling/orders_project/backend/__pycache__/main.cpython-313.pyc
2025-08-04 11:57:53,509 | INFO | Skipped non-text file: /Users/stevencohen/Projects/universal_recycling/orders_project/backend/scrapers/.gitkeep
2025-08-04 11:57:53,509 | INFO | Dumped file: /Users/stevencohen/Projects/universal_recycling/orders_project/backend/twilio/__init__.py
2025-08-04 11:57:53,509 | INFO | Dumped file: /Users/stevencohen/Projects/universal_recycling/orders_project/backend/twilio/twilio_utils.py
2025-08-04 11:57:53,509 | INFO | Skipped non-text file: /Users/stevencohen/Projects/universal_recycling/orders_project/scripts/.DS_Store
2025-08-04 11:57:53,509 | INFO | Dumped file: /Users/stevencohen/Projects/universal_recycling/orders_project/scripts/add_debug_validation_handler.py
2025-08-04 11:57:53,509 | INFO | Dumped file: /Users/stevencohen/Projects/universal_recycling/orders_project/scripts/start_server_scripts/start_server_mac_studio.py
2025-08-04 11:57:53,509 | INFO | Dumped file: /Users/stevencohen/Projects/universal_recycling/orders_project/scripts/start_server_scripts/start_server_macbook.py
2025-08-04 11:57:53,509 | INFO | Dumped file: /Users/stevencohen/Projects/universal_recycling/orders_project/scripts/start_server_scripts/stop_server.py
2025-08-04 11:57:53,510 | INFO | Dumped file: /Users/stevencohen/Projects/universal_recycling/orders_project/scripts/Local_machine_git_scripts/pull_and_start.py
2025-08-04 11:57:53,510 | INFO | Dumped file: /Users/stevencohen/Projects/universal_recycling/orders_project/scripts/Local_machine_git_scripts/push_and_leave.py
2025-08-04 11:57:53,510 | INFO | Dumped file: /Users/stevencohen/Projects/universal_recycling/orders_project/scripts/database_scripts/clear_all_database_tables.py
2025-08-04 11:57:53,511 | INFO | Dumped file: /Users/stevencohen/Projects/universal_recycling/orders_project/scripts/database_scripts/clear_dynamic_database_tables.py
2025-08-04 11:57:53,511 | INFO | Dumped file: /Users/stevencohen/Projects/universal_recycling/orders_project/scripts/database_scripts/delete_requisition_modle.py
2025-08-04 11:57:53,511 | INFO | Dumped file: /Users/stevencohen/Projects/universal_recycling/orders_project/scripts/database_scripts/generate_orders_csv.py
2025-08-04 11:57:53,511 | INFO | Dumped file: /Users/stevencohen/Projects/universal_recycling/orders_project/scripts/database_scripts/print_all_data.py
2025-08-04 11:57:53,511 | INFO | Skipped non-text file: /Users/stevencohen/Projects/universal_recycling/orders_project/scripts/dump_scripts/.DS_Store
2025-08-04 11:57:53,511 | INFO | Dumped file: /Users/stevencohen/Projects/universal_recycling/orders_project/scripts/dump_scripts/entire_project_dump.py
2025-08-04 11:57:53,511 | INFO | Skipped non-text file: /Users/stevencohen/Projects/universal_recycling/orders_project/scripts/dump_scripts/individual_screens/.DS_Store
2025-08-04 11:57:53,511 | INFO | Dumped file: /Users/stevencohen/Projects/universal_recycling/orders_project/scripts/dump_scripts/individual_screens/output_all_draft_order_scripts.py
2025-08-04 11:57:53,511 | INFO | Dumped file: /Users/stevencohen/Projects/universal_recycling/orders_project/scripts/dump_scripts/individual_screens/output_all_mobile_scripts.py
2025-08-04 11:57:53,512 | INFO | Dumped file: /Users/stevencohen/Projects/universal_recycling/orders_project/scripts/dump_scripts/individual_screens/output_all_pdf_scripts.py
2025-08-04 11:57:53,512 | INFO | Dumped file: /Users/stevencohen/Projects/universal_recycling/orders_project/scripts/dump_scripts/individual_screens/output_all_receiving_scripts.py
2025-08-04 11:57:53,512 | INFO | Dumped file: /Users/stevencohen/Projects/universal_recycling/orders_project/scripts/dump_scripts/individual_screens/output_audit_trail_screen_files.py
2025-08-04 11:57:53,512 | INFO | Dumped file: /Users/stevencohen/Projects/universal_recycling/orders_project/scripts/dump_scripts/individual_screens/output_authorisations_per_user.py
2025-08-04 11:57:53,512 | INFO | Dumped file: /Users/stevencohen/Projects/universal_recycling/orders_project/scripts/dump_scripts/individual_screens/output_cod_screen.py
2025-08-04 11:57:53,512 | INFO | Dumped file: /Users/stevencohen/Projects/universal_recycling/orders_project/scripts/dump_scripts/individual_screens/output_email_functions.py
2025-08-04 11:57:53,512 | INFO | Dumped file: /Users/stevencohen/Projects/universal_recycling/orders_project/scripts/dump_scripts/individual_screens/output_fuzzy_search_scripts.py
2025-08-04 11:57:53,512 | INFO | Dumped file: /Users/stevencohen/Projects/universal_recycling/orders_project/scripts/dump_scripts/individual_screens/output_login_screen_files.py
2025-08-04 11:57:53,512 | INFO | Dumped file: /Users/stevencohen/Projects/universal_recycling/orders_project/scripts/dump_scripts/individual_screens/output_maintenance_screen_files.py
2025-08-04 11:57:53,513 | INFO | Dumped file: /Users/stevencohen/Projects/universal_recycling/orders_project/scripts/dump_scripts/individual_screens/output_new_order_screen.py
2025-08-04 11:57:53,513 | INFO | Dumped file: /Users/stevencohen/Projects/universal_recycling/orders_project/scripts/dump_scripts/individual_screens/output_pending_screen.py
2025-08-04 11:57:53,513 | INFO | Dumped file: /Users/stevencohen/Projects/universal_recycling/orders_project/scripts/dump_scripts/individual_screens/output_requisitions_screen.py
2025-08-04 11:57:53,513 | INFO | Dumped file: /Users/stevencohen/Projects/universal_recycling/orders_project/scripts/dump_scripts/individual_screens/output_test_fuzzy_scripts.py
2025-08-04 11:57:53,513 | INFO | Dumped file: /Users/stevencohen/Projects/universal_recycling/orders_project/scripts/dump_scripts/individual_screens/tree_dependencies_database.py
2025-08-04 11:57:53,513 | INFO | Skipped non-text file: /Users/stevencohen/Projects/universal_recycling/orders_project/scripts/__pycache__/add_debug_validation_handler.cpython-313.pyc
2025-08-04 11:57:53,513 | INFO | Dumped file: /Users/stevencohen/Projects/universal_recycling/orders_project/scripts/google_vm_scripts/check_env.py
2025-08-04 11:57:53,513 | INFO | Dumped file: /Users/stevencohen/Projects/universal_recycling/orders_project/scripts/google_vm_scripts/cleanup_live_server.py
2025-08-04 11:57:53,514 | INFO | Dumped file: /Users/stevencohen/Projects/universal_recycling/orders_project/scripts/google_vm_scripts/google_vm_pull_and_start.py
2025-08-04 11:57:53,514 | INFO | Dumped file: /Users/stevencohen/Projects/universal_recycling/orders_project/scripts/google_vm_scripts/google_vm_push_and_leave.py
2025-08-04 11:57:53,514 | INFO | Dumped file: /Users/stevencohen/Projects/universal_recycling/orders_project/scripts/google_vm_scripts/manually_create_new_order.py
2025-08-04 11:57:53,514 | INFO | Dumped file: /Users/stevencohen/Projects/universal_recycling/orders_project/scripts/google_vm_scripts/populate_permissions.py
2025-08-04 11:57:53,514 | INFO | Dumped file: /Users/stevencohen/Projects/universal_recycling/orders_project/scripts/google_vm_scripts/pull_csv_from_vm.py
2025-08-04 11:57:53,514 | INFO | Dumped file: /Users/stevencohen/Projects/universal_recycling/orders_project/scripts/google_vm_scripts/pull_database_from_google_vm.py
2025-08-04 11:57:53,514 | INFO | Dumped file: /Users/stevencohen/Projects/universal_recycling/orders_project/scripts/google_vm_scripts/push_database_to_vm.py
2025-08-04 11:57:53,514 | INFO | Skipped non-text file: /Users/stevencohen/Projects/universal_recycling/orders_project/scripts/google_vm_scripts/start_vm_server
2025-08-04 11:57:53,514 | INFO | Dumped file: /Users/stevencohen/Projects/universal_recycling/orders_project/scripts/.vscode/settings.json
