2025-04-29 04:51:31,999 | INFO | ✅ Dumped frontend/templates/pending_orders.html
2025-04-29 04:51:32,000 | INFO | ✅ Dumped frontend/static/js/pending_orders.js
2025-04-29 04:51:32,000 | INFO | ✅ Dumped frontend/static/js/components/expand_line_items.js
2025-04-29 04:51:32,000 | INFO | ✅ Dumped frontend/static/js/components/attachment_modal.js
2025-04-29 04:51:32,000 | INFO | ✅ Dumped frontend/static/js/components/order_note_modal.js
2025-04-29 04:51:32,000 | INFO | ✅ Dumped frontend/static/js/components/receive_modal.js
2025-04-29 04:51:32,000 | INFO | ✅ Dumped frontend/static/js/components/shared_filters.js
2025-04-29 04:51:32,000 | INFO | ✅ Dumped backend/main.py
2025-04-29 04:51:32,000 | INFO | ✅ Dumped backend/endpoints/html_routes.py
2025-04-29 04:51:32,000 | INFO | ✅ Dumped backend/endpoints/orders.py
2025-04-29 04:51:32,000 | INFO | ✅ Dumped backend/endpoints/lookups.py
2025-04-29 04:51:32,000 | INFO | ✅ Dumped backend/endpoints/order_queries.py
2025-04-29 04:51:32,000 | INFO | ✅ Dumped backend/endpoints/order_attachments.py
2025-04-29 04:51:32,001 | INFO | ✅ Dumped backend/endpoints/order_notes.py
2025-04-29 04:51:32,001 | INFO | ✅ Dumped backend/endpoints/order_receiving.py
2025-04-29 04:51:32,001 | INFO | ✅ Dumped backend/database.py
2025-04-29 05:01:35,467 | INFO | ✅ Dumped frontend/templates/pending_orders.html
2025-04-29 05:01:35,468 | INFO | ✅ Dumped frontend/static/js/pending_orders.js
2025-04-29 05:01:35,468 | INFO | ✅ Dumped frontend/static/js/components/expand_line_items.js
2025-04-29 05:01:35,468 | INFO | ✅ Dumped frontend/static/js/components/attachment_modal.js
2025-04-29 05:01:35,468 | INFO | ✅ Dumped frontend/static/js/components/order_note_modal.js
2025-04-29 05:01:35,468 | INFO | ✅ Dumped frontend/static/js/components/receive_modal.js
2025-04-29 05:01:35,468 | INFO | ✅ Dumped frontend/static/js/components/shared_filters.js
2025-04-29 05:01:35,468 | INFO | ✅ Dumped backend/main.py
2025-04-29 05:01:35,468 | INFO | ✅ Dumped backend/endpoints/html_routes.py
2025-04-29 05:01:35,468 | INFO | ✅ Dumped backend/endpoints/orders.py
2025-04-29 05:01:35,468 | INFO | ✅ Dumped backend/endpoints/lookups.py
2025-04-29 05:01:35,468 | INFO | ✅ Dumped backend/endpoints/order_queries.py
2025-04-29 05:01:35,468 | INFO | ✅ Dumped backend/endpoints/order_attachments.py
2025-04-29 05:01:35,468 | INFO | ✅ Dumped backend/endpoints/order_notes.py
2025-04-29 05:01:35,469 | INFO | ✅ Dumped backend/endpoints/order_receiving.py
2025-04-29 05:01:35,469 | INFO | ✅ Dumped backend/database.py
2025-04-29 05:23:16,594 | INFO | ✅ Dumped frontend/templates/pending_orders.html
2025-04-29 05:23:16,594 | INFO | ✅ Dumped frontend/static/js/pending_orders.js
2025-04-29 05:23:16,594 | INFO | ✅ Dumped frontend/static/js/components/expand_line_items.js
2025-04-29 05:23:16,594 | INFO | ✅ Dumped frontend/static/js/components/attachment_modal.js
2025-04-29 05:23:16,594 | INFO | ✅ Dumped frontend/static/js/components/order_note_modal.js
2025-04-29 05:23:16,594 | INFO | ✅ Dumped frontend/static/js/components/receive_modal.js
2025-04-29 05:23:16,594 | INFO | ✅ Dumped frontend/static/js/components/shared_filters.js
2025-04-29 05:23:16,594 | INFO | ✅ Dumped backend/main.py
2025-04-29 05:23:16,594 | INFO | ✅ Dumped backend/endpoints/html_routes.py
2025-04-29 05:23:16,594 | INFO | ✅ Dumped backend/endpoints/orders.py
2025-04-29 05:23:16,594 | INFO | ✅ Dumped backend/endpoints/lookups.py
2025-04-29 05:23:16,595 | INFO | ✅ Dumped backend/endpoints/order_queries.py
2025-04-29 05:23:16,595 | INFO | ✅ Dumped backend/endpoints/order_attachments.py
2025-04-29 05:23:16,595 | INFO | ✅ Dumped backend/endpoints/order_notes.py
2025-04-29 05:23:16,595 | INFO | ✅ Dumped backend/endpoints/order_receiving.py
2025-04-29 05:23:16,595 | INFO | ✅ Dumped backend/database.py
2025-04-29 05:51:53,232 | INFO | ✅ Dumped frontend/templates/pending_orders.html
2025-04-29 05:51:53,233 | INFO | ✅ Dumped frontend/static/js/pending_orders.js
2025-04-29 05:51:53,233 | INFO | ✅ Dumped frontend/static/js/components/expand_line_items.js
2025-04-29 05:51:53,233 | INFO | ✅ Dumped frontend/static/js/components/attachment_modal.js
2025-04-29 05:51:53,234 | INFO | ✅ Dumped frontend/static/js/components/order_note_modal.js
2025-04-29 05:51:53,234 | INFO | ✅ Dumped frontend/static/js/components/receive_modal.js
2025-04-29 05:51:53,234 | INFO | ✅ Dumped frontend/static/js/components/shared_filters.js
2025-04-29 05:51:53,234 | INFO | ✅ Dumped backend/main.py
2025-04-29 05:51:53,234 | INFO | ✅ Dumped backend/endpoints/html_routes.py
2025-04-29 05:51:53,234 | INFO | ✅ Dumped backend/endpoints/orders.py
2025-04-29 05:51:53,234 | INFO | ✅ Dumped backend/endpoints/lookups.py
2025-04-29 05:51:53,234 | INFO | ✅ Dumped backend/endpoints/order_queries.py
2025-04-29 05:51:53,234 | INFO | ✅ Dumped backend/endpoints/order_attachments.py
2025-04-29 05:51:53,234 | INFO | ✅ Dumped backend/endpoints/order_notes.py
2025-04-29 05:51:53,234 | INFO | ✅ Dumped backend/endpoints/order_receiving.py
2025-04-29 05:51:53,234 | INFO | ✅ Dumped backend/database.py
2025-04-29 06:10:52,947 | INFO | ✅ Dumped frontend/templates/pending_orders.html
2025-04-29 06:10:52,947 | INFO | ✅ Dumped frontend/static/js/pending_orders.js
2025-04-29 06:10:52,948 | INFO | ✅ Dumped frontend/static/js/components/expand_line_items.js
2025-04-29 06:10:52,948 | INFO | ✅ Dumped frontend/static/js/components/attachment_modal.js
2025-04-29 06:10:52,949 | INFO | ✅ Dumped frontend/static/js/components/order_note_modal.js
2025-04-29 06:10:52,949 | INFO | ✅ Dumped frontend/static/js/components/receive_modal.js
2025-04-29 06:10:52,949 | INFO | ✅ Dumped frontend/static/js/components/shared_filters.js
2025-04-29 06:10:52,949 | INFO | ✅ Dumped backend/main.py
2025-04-29 06:10:52,949 | INFO | ✅ Dumped backend/endpoints/html_routes.py
2025-04-29 06:10:52,950 | INFO | ✅ Dumped backend/endpoints/orders.py
2025-04-29 06:10:52,950 | INFO | ✅ Dumped backend/endpoints/lookups.py
2025-04-29 06:10:52,950 | INFO | ✅ Dumped backend/endpoints/order_queries.py
2025-04-29 06:10:52,950 | INFO | ✅ Dumped backend/endpoints/order_attachments.py
2025-04-29 06:10:52,950 | INFO | ✅ Dumped backend/endpoints/order_notes.py
2025-04-29 06:10:52,950 | INFO | ✅ Dumped backend/endpoints/order_receiving.py
2025-04-29 06:10:52,950 | INFO | ✅ Dumped backend/database.py
2025-04-29 17:26:51,158 | INFO | ✅ Dumped frontend/templates/pending_orders.html
2025-04-29 17:26:51,158 | INFO | ✅ Dumped frontend/static/js/pending_orders.js
2025-04-29 17:26:51,159 | INFO | ✅ Dumped frontend/static/js/components/expand_line_items.js
2025-04-29 17:26:51,159 | INFO | ✅ Dumped frontend/static/js/components/attachment_modal.js
2025-04-29 17:26:51,159 | INFO | ✅ Dumped frontend/static/js/components/order_note_modal.js
2025-04-29 17:26:51,159 | INFO | ✅ Dumped frontend/static/js/components/receive_modal.js
2025-04-29 17:26:51,159 | INFO | ✅ Dumped frontend/static/js/components/shared_filters.js
2025-04-29 17:26:51,159 | INFO | ✅ Dumped backend/main.py
2025-04-29 17:26:51,160 | INFO | ✅ Dumped backend/endpoints/html_routes.py
2025-04-29 17:26:51,160 | INFO | ✅ Dumped backend/endpoints/orders.py
2025-04-29 17:26:51,160 | INFO | ✅ Dumped backend/endpoints/lookups.py
2025-04-29 17:26:51,160 | INFO | ✅ Dumped backend/endpoints/order_queries.py
2025-04-29 17:26:51,160 | INFO | ✅ Dumped backend/endpoints/order_attachments.py
2025-04-29 17:26:51,160 | INFO | ✅ Dumped backend/endpoints/order_notes.py
2025-04-29 17:26:51,160 | INFO | ✅ Dumped backend/endpoints/order_receiving.py
2025-04-29 17:26:51,161 | INFO | ✅ Dumped backend/database.py
2025-04-29 21:29:57,231 | INFO | ✅ Dumped frontend/templates/pending_orders.html
2025-04-29 21:29:57,232 | INFO | ✅ Dumped frontend/static/js/pending_orders.js
2025-04-29 21:29:57,232 | INFO | ✅ Dumped frontend/static/js/components/expand_line_items.js
2025-04-29 21:29:57,232 | INFO | ✅ Dumped frontend/static/js/components/attachment_modal.js
2025-04-29 21:29:57,232 | INFO | ✅ Dumped frontend/static/js/components/order_note_modal.js
2025-04-29 21:29:57,233 | INFO | ✅ Dumped frontend/static/js/components/receive_modal.js
2025-04-29 21:29:57,233 | INFO | ✅ Dumped frontend/static/js/components/shared_filters.js
2025-04-29 21:29:57,233 | INFO | ✅ Dumped backend/main.py
2025-04-29 21:29:57,233 | INFO | ✅ Dumped backend/endpoints/html_routes.py
2025-04-29 21:29:57,233 | INFO | ✅ Dumped backend/endpoints/orders.py
2025-04-29 21:29:57,233 | INFO | ✅ Dumped backend/endpoints/lookups.py
2025-04-29 21:29:57,234 | INFO | ✅ Dumped backend/endpoints/order_queries.py
2025-04-29 21:29:57,234 | INFO | ✅ Dumped backend/endpoints/order_attachments.py
2025-04-29 21:29:57,234 | INFO | ✅ Dumped backend/endpoints/order_notes.py
2025-04-29 21:29:57,234 | INFO | ✅ Dumped backend/endpoints/order_receiving.py
2025-04-29 21:29:57,234 | INFO | ✅ Dumped backend/database.py
