🔍 Registered Routes:
/openapi.json
/docs
/docs/oauth2-redirect
/redoc
/static
/data/uploads
/audit_trail_test
/mobile/authorisations
/mobile/requisition_login
/home
/orders/new
/orders/pending_orders
/orders/draft_orders
/orders/cod_orders
/orders/received_orders
/orders/audit_trail
/maintenance
/orders/partially_delivered
/requisitions/pending_requisitions
/requisitions/new
/favicon.ico
/orders/authorisations_per_user
/mobile/requisition
/mobile/get_user_info
/orders/api/awaiting_authorisation
/orders/api/authorise_order/{order_id}
/orders/api/orders/api/audit_trail_orders
⚠️ Suspicious duplicate segment in: /orders/api/orders/api/audit_trail_orders
/draft_orders
/draft_orders/pending
/draft_orders/{draft_id}
/draft_orders/{draft_id}
/draft_orders/{draft_id}
/draft_orders/api/items/{draft_id}
/lookups/requesters
/lookups/requesters
/lookups/requesters/{requester_id}
/lookups/requesters/{requester_id}
/lookups/suppliers
/lookups/suppliers
/lookups/suppliers/{supplier_id}
/lookups/import_suppliers_csv
/lookups/suppliers/{supplier_id}
/lookups/items
/lookups/items
/lookups/items/{item_id}
/lookups/maintenance/import_items_csv
/lookups/items/{item_id}
/lookups/projects
/lookups/projects
/lookups/projects/{project_id}
/lookups/projects/{project_id}
/lookups/projects/import_csv
/lookups/settings
/lookups/settings
/lookups/order_number
/lookups/requisition_number
/lookups/business_details
/lookups/business_details
/lookups/users
/lookups/users
/lookups/users/{user_id}
/lookups/users/{user_id}
/lookups/requesters
/lookups/requesters
/lookups/requesters/{requester_id}
/lookups/requesters/{requester_id}
/lookups/suppliers
/lookups/suppliers
/lookups/suppliers/{supplier_id}
/lookups/import_suppliers_csv
/lookups/suppliers/{supplier_id}
/lookups/items
/lookups/items
/lookups/items/{item_id}
/lookups/maintenance/import_items_csv
/lookups/items/{item_id}
/lookups/projects
/lookups/projects
/lookups/projects/{project_id}
/lookups/projects/{project_id}
/lookups/projects/import_csv
/lookups/settings
/lookups/settings
/lookups/order_number
/lookups/requisition_number
/lookups/business_details
/lookups/business_details
/lookups/users
/lookups/users
/lookups/users/{user_id}
/lookups/users/{user_id}
/lookups/
/lookups/login
/lookups/logout
/lookups/session_debug
/lookups/log_client
/lookups/log
/lookups
/lookups/pending
/lookups/{draft_id}
/lookups/{draft_id}
/lookups/{draft_id}
/lookups/api/items/{draft_id}
/orders/new
/orders/pending_orders
/mobile/mobile_authorisations
/orders/authorisations_per_user
/orders/{order_id}
/admin/requesters
/admin/requesters
/admin/requesters/{requester_id}
/admin/requesters/{requester_id}
/admin/suppliers
/admin/suppliers
/admin/suppliers/{supplier_id}
/admin/import_suppliers_csv
/admin/suppliers/{supplier_id}
/admin/items
/admin/items
/admin/items/{item_id}
/admin/maintenance/import_items_csv
/admin/items/{item_id}
/admin/projects
/admin/projects
/admin/projects/{project_id}
/admin/projects/{project_id}
/admin/projects/import_csv
/admin/settings
/admin/settings
/admin/order_number
/admin/requisition_number
/admin/business_details
/admin/business_details
/admin/users
/admin/users
/admin/users/{user_id}
/admin/users/{user_id}
/orders/api/pending_orders
/orders/api/received_orders
/orders/api/partially_delivered
/orders/api/items_for_order/{order_id}
/orders/api/last_audit_action/{order_id}
/orders/api/order_summary
/orders/api/cod_orders
/orders/api/mark_cod_paid/{order_id}
/orders/api/preview_pdf_new_order
/
/login
/logout
/session_debug
/mobile/login
/mobile/logout
/mobile/get_user_info
/orders
/orders
/orders/delete/{order_id}
/orders/{order_id}
/orders/api/order_details_for_audit/{order_id}
/orders/api/order_audit_history/{order_id}
/orders/{order_id}
/orders/update_draft/{order_id}
/orders/api/order_items/{order_id}
/orders/orders/receive/{order_id}
⚠️ Suspicious duplicate segment in: /orders/orders/receive/{order_id}
/orders/api/audit_trail_orders
/orders/api/receipt_logs/{order_id}
/orders/upload_attachment
/orders/attachments/{order_id}
/orders/receive/{order_id}
/log_client
/log
/orders/api/generate_pdf_for_order/{order_id}
/orders/save_note/{order_id}
/lookups/items
/lookups/items
/lookups/items/{item_id}
/lookups/maintenance/import_items_csv
/lookups/items/{item_id}
/maintenance/suppliers
/maintenance/suppliers
/maintenance/suppliers/{supplier_id}
/maintenance/import_suppliers_csv
/maintenance/suppliers/{supplier_id}
/maintenance/projects
/maintenance/projects
/maintenance/projects/{project_id}
/maintenance/projects/{project_id}
/maintenance/projects/import_csv
/requisitions
/api/pending_requisitions
/api/requisition_items/{requisition_id}
/requisitions/api/generate_pdf/{requisition_id}
/requisitions/api/mark_converted/{requisition_id}
/lookups/requisitioners
/lookups/requisitioners
/lookups/requisitioners/{id}
/orders/mark_cod_paid/{order_id}
/requisitions/upload_attachment
/requisitions/attachments/{requisition_id}
/requisitions/uploads/{filename}
/requisitions/submit_requisition
/mobile_requisition_auth/login
/mobile_requisition_auth/session_debug
/mobile_requisition/submit
/email/send_pdf
