2025-04-22 05:06:11,566 | INFO | ✅ Database initialized successfully.
2025-04-22 05:06:21,069 | INFO | ✅ Database initialized successfully.
2025-04-22 05:06:54,955 | INFO | ✅ Database initialized successfully.
2025-04-22 06:58:50,431 | INFO | ✅ Database initialized successfully.
2025-04-22 07:25:31,256 | INFO | ✅ Database initialized successfully.
2025-04-22 07:43:49,021 | INFO | ✅ Database initialized successfully.
2025-04-22 07:56:35,917 | INFO | ✅ Database initialized successfully.
2025-04-22 08:01:44,967 | INFO | ✅ Database initialized successfully.
2025-04-22 08:04:30,689 | INFO | ✅ Database initialized successfully.
2025-04-22 08:49:02,007 | INFO | ✅ Database initialized successfully.
2025-04-22 08:59:46,286 | INFO | ✅ Database initialized successfully.
2025-04-22 10:54:48,492 | INFO | ✅ Database initialized successfully.
2025-04-22 11:25:00,050 | INFO | ✅ Database initialized successfully.
2025-04-22 12:57:19,591 | INFO | ✅ Database initialized successfully.
2025-04-22 13:32:37,623 | INFO | ✅ Database initialized successfully.
2025-04-22 14:21:34,237 | INFO | ✅ Database initialized successfully.
2025-04-22 14:28:43,803 | INFO | ✅ Database initialized successfully.
2025-04-22 14:37:00,128 | INFO | ✅ Database initialized successfully.
2025-04-22 15:03:50,195 | INFO | ✅ Database initialized successfully.
2025-04-22 15:14:48,842 | INFO | ✅ Database initialized successfully.
2025-04-22 15:25:55,483 | INFO | ✅ Database initialized successfully.
2025-04-22 15:33:39,739 | INFO | ✅ Database initialized successfully.
2025-04-22 15:35:55,601 | INFO | ✅ Database initialized successfully.
2025-04-22 15:45:06,744 | INFO | ✅ Database initialized successfully.
2025-04-22 15:51:15,077 | INFO | ✅ Database initialized successfully.
2025-04-22 15:57:13,291 | INFO | ✅ Database initialized successfully.
2025-04-22 16:04:23,364 | INFO | ✅ Database initialized successfully.
2025-04-22 16:19:24,820 | INFO | ✅ Database initialized successfully.
2025-04-22 16:31:12,011 | INFO | ✅ Database initialized successfully.
2025-04-22 16:34:03,121 | INFO | ✅ Database initialized successfully.
2025-04-23 03:56:57,246 | INFO | ✅ Database initialized successfully.
2025-04-23 04:18:31,286 | INFO | ✅ Database initialized successfully.
2025-04-23 04:37:15,218 | INFO | ✅ Database initialized successfully.
2025-04-23 04:49:26,882 | INFO | ✅ Database initialized successfully.
2025-04-23 04:49:34,359 | INFO | ✅ Database initialized successfully.
2025-04-23 04:53:14,399 | INFO | ✅ Database initialized successfully.
2025-04-23 04:53:21,157 | INFO | ✅ Database initialized successfully.
2025-04-23 04:54:58,875 | INFO | ✅ Database initialized successfully.
2025-04-23 04:55:05,813 | INFO | ✅ Database initialized successfully.
2025-04-23 04:55:13,359 | INFO | ✅ Database initialized successfully.
2025-04-23 05:00:25,667 | INFO | ✅ Database initialized successfully.
2025-04-23 05:00:57,632 | INFO | ✅ Database initialized successfully.
2025-04-23 05:08:58,606 | INFO | ✅ Database initialized successfully.
2025-04-23 05:09:52,968 | INFO | ✅ Database initialized successfully.
2025-04-23 05:17:54,544 | INFO | ✅ Database initialized successfully.
2025-04-23 05:18:33,857 | INFO | ✅ Database initialized successfully.
2025-04-23 05:18:36,799 | INFO | ✅ Database initialized successfully.
2025-04-23 05:26:24,157 | INFO | ✅ Database initialized successfully.
2025-04-23 05:48:36,635 | INFO | ✅ Database initialized successfully.
2025-04-23 05:51:52,577 | INFO | ✅ Database initialized successfully.
2025-04-23 06:14:00,585 | INFO | ✅ Database initialized successfully.
2025-04-23 06:17:46,996 | INFO | ✅ Database initialized successfully.
2025-04-23 06:17:55,367 | INFO | ✅ Database initialized successfully.
2025-04-23 06:23:17,507 | INFO | ✅ Database initialized successfully.
2025-04-23 06:24:58,033 | INFO | ✅ Database initialized successfully.
2025-04-23 06:26:36,702 | INFO | ✅ Database initialized successfully.
2025-04-23 06:30:21,351 | INFO | ✅ Database initialized successfully.
2025-04-23 06:34:59,295 | INFO | ✅ Database initialized successfully.
2025-04-23 06:43:17,623 | INFO | ✅ Database initialized successfully.
2025-04-23 06:48:31,296 | INFO | ✅ Database initialized successfully.
2025-04-23 06:48:42,428 | INFO | ✅ Database initialized successfully.
2025-04-23 06:57:28,793 | INFO | ✅ Database initialized successfully.
2025-04-23 07:08:08,750 | INFO | ✅ Database initialized successfully.
2025-04-23 07:20:03,060 | INFO | ✅ Database initialized successfully.
2025-04-23 07:20:11,455 | INFO | ✅ Database initialized successfully.
2025-04-23 07:32:01,823 | INFO | ✅ Database initialized successfully.
2025-04-23 07:32:10,383 | INFO | ✅ Database initialized successfully.
2025-04-23 07:42:47,755 | INFO | ✅ Database initialized successfully.
2025-04-23 07:44:40,867 | INFO | ✅ Database initialized successfully.
2025-04-23 07:44:46,674 | INFO | ✅ Database initialized successfully.
2025-04-23 07:55:24,412 | INFO | ✅ Database initialized successfully.
2025-04-23 07:56:52,336 | INFO | ✅ Database initialized successfully.
2025-04-23 13:56:38,386 | INFO | ✅ Database initialized successfully.
2025-04-23 14:02:37,549 | INFO | ✅ Database initialized successfully.
2025-04-23 14:05:33,956 | INFO | ✅ Database initialized successfully.
2025-04-23 14:13:54,751 | INFO | ✅ Database initialized successfully.
2025-04-23 14:13:59,661 | INFO | ✅ Database initialized successfully.
2025-04-23 14:41:23,168 | INFO | ✅ Database initialized successfully.
2025-04-23 15:13:48,814 | INFO | ✅ Database initialized successfully.
2025-04-23 15:15:04,571 | INFO | ✅ Database initialized successfully.
2025-04-23 15:15:20,038 | INFO | ✅ Database initialized successfully.
2025-04-23 15:15:30,330 | INFO | ✅ Database initialized successfully.
2025-04-23 15:15:44,570 | INFO | ✅ Database initialized successfully.
2025-04-23 15:19:02,157 | INFO | -- BEGIN Twilio API Request --
2025-04-23 15:19:02,157 | INFO | POST Request: https://api.twilio.com/2010-04-01/Accounts/AC78528274fa496d197171ff628cadc23a/Messages.json
2025-04-23 15:19:02,157 | INFO | Headers:
2025-04-23 15:19:02,157 | INFO | Content-Type : application/x-www-form-urlencoded
2025-04-23 15:19:02,157 | INFO | Accept : application/json
2025-04-23 15:19:02,157 | INFO | User-Agent : twilio-python/9.5.2 (Darwin arm64) Python/3.13.3
2025-04-23 15:19:02,157 | INFO | X-Twilio-Client : python-9.5.2
2025-04-23 15:19:02,157 | INFO | Accept-Charset : utf-8
2025-04-23 15:19:02,157 | INFO | -- END Twilio API Request --
2025-04-23 15:19:02,574 | INFO | Response Status Code: 201
2025-04-23 15:19:02,574 | INFO | Response Headers: {'Content-Type': 'application/json;charset=utf-8', 'Content-Length': '860', 'Connection': 'keep-alive', 'Date': 'Wed, 23 Apr 2025 13:19:02 GMT', 'X-Powered-By': 'AT-5000', 'Twilio-Concurrent-Requests': '1', 'Twilio-Request-Id': 'RQ5dcca66bb5f76297ee27fb3d054af9a5', 'Twilio-Request-Duration': '0.113', 'X-Home-Region': 'us1', 'X-Api-Domain': 'api.twilio.com', 'Strict-Transport-Security': 'max-age=31536000', 'Access-Control-Allow-Origin': '*', 'Access-Control-Allow-Headers': 'Accept, Authorization, Content-Type, If-Match, If-Modified-Since, If-None-Match, If-Unmodified-Since, Idempotency-Key, X-Pre-Auth-Context, X-Target-Region', 'Access-Control-Allow-Methods': 'GET, POST, PATCH, PUT, DELETE, OPTIONS', 'Access-Control-Expose-Headers': 'ETag, Twilio-Request-Id', 'Access-Control-Allow-Credentials': 'true', 'X-Shenanigans': 'none', 'X-Cache': 'Miss from cloudfront', 'Via': '1.1 f0f80a9ec4a0c4018ab5c89d0b20032a.cloudfront.net (CloudFront)', 'X-Amz-Cf-Pop': 'JNB51-P2', 'X-Amz-Cf-Id': 's96ZH0uATS5f6oz8grJV0iYz8ukgWmy2t3kTjbSpV71S9ZTL2z-kUA=='}
