
[]
Manual test: supplier lookup log is working


[2025-04-20T12:40:41.596788]
💥 ROUTE HIT: query = makita

[2025-04-20T12:40:44.693288]
Fetched URL: https://za.rs-online.com/web/c/?searchTerm=makita
HTTP Status: 200
First 1000 characters of response: <!DOCTYPE html><html lang="en-ZA"><head><meta charSet="utf-8" data-next-head=""/><script data-next-head="">LUX = window.LUX || {};LUX.label = "Search Results Page";</script><title data-next-head="">392 for &#x27;makita&#x27; | RS</title><meta content="width=device-width, initial-scale=1.0" name="viewport" data-next-head=""/><script id="adobe-analytics-script" type="application/javascript" data-next-head="">
    window.rs = window.rs || {"web":{"digitalData":{"customer_contact_id":null,"customer_ship_to":null,"customer_sold_to":null,"customer_type":null,"ecSystemId":"responsive","encryptedUsername":null,"isCreditAccount":null,"jobRole":null,"page_name":"search results page","page_type":"new sr","registrationDate":null,"search_browse":"SEARCH","search_cascade_order":1,"search_categories":0,"search_config":0,"search_interface_name":"","search_keyword":"makita","search_keyword_app":"makita","search_keyword_spell_corrected":"","search_language_used":"en","search_match_mode":"","search_patte... (truncated)

[2025-04-20T12:40:44.724733]
Exception: No matching results found or DOM structure changed

[2025-04-20T12:44:27.434337]
💥 ROUTE HIT: query = makita

[2025-04-20T12:44:27.968844]
Fetched URL: https://www.builders.co.za/search/?text=makita
HTTP Status: 200
First 1000 characters of response: <!DOCTYPE html>
<html lang=en data-appversion=v0.0.1578><head><link href="//accounts.google.com" rel=dns-prefetch /><title>Builders | Shop DIY, Paint and Building Materials Online</title><meta charset=utf-8 /><meta content="initial-scale=1,width=device-width,interactive-widget=resizes-content" name=viewport /><script>var __ZBE__={"uh":"aHR0cHM6Ly93d3cuYnVpbGRlcnMuY28uemE","sc":"R2g2dHVjNkw","ic":"YnVpbGRlcnM","mg":"QUl6YVN5QlI5SzVyZUFNTl9CcFFmbzBBczBfb1UwUWVEWWZpYXdv","icf":"MjU5MjU2MTgyMDIwODM2","ica":"Y28uemEuYnVpbGRlcnMubG9naW4","icg":"MzkzNDAxOTkwODY2LTFrOTBwcWIwamVlM2h1dmhpZWIybnJudjgwdTFiYjJjLmFwcHMuZ29vZ2xldXNlcmNvbnRlbnQuY29t",};window.__ZBE__=__ZBE__;</script><link rel=dns-prefetch href="https://www.googletagmanager.com"/><link rel=dns-prefetch href="https://apps.bazaarvoice.com"/><link rel=dns-prefetch href="https://www.google-analytics.com"/><link rel=dns-prefetch href="https://www.googleoptimize.com"/><link rel=dns-prefetch href="https://maps.googleapis.com"/><script>var us... (truncated)

[2025-04-20T12:44:27.971460]
Exception: No products matched or structure changed
