2025-04-23 15:23:10,636 | INFO | ✅ Database initialized successfully.
2025-04-23 15:23:36,269 | INFO | ✅ Database initialized successfully.
2025-04-23 15:24:34,678 | INFO | -- BEGIN Twilio API Request --
2025-04-23 15:24:34,678 | INFO | POST Request: https://api.twilio.com/2010-04-01/Accounts/AC78528274fa496d197171ff628cadc23a/Messages.json
2025-04-23 15:24:34,678 | INFO | Headers:
2025-04-23 15:24:34,678 | INFO | Content-Type : application/x-www-form-urlencoded
2025-04-23 15:24:34,678 | INFO | Accept : application/json
2025-04-23 15:24:34,678 | INFO | User-Agent : twilio-python/9.5.2 (Darwin arm64) Python/3.13.3
2025-04-23 15:24:34,678 | INFO | X-Twilio-Client : python-9.5.2
2025-04-23 15:24:34,678 | INFO | Accept-Charset : utf-8
2025-04-23 15:24:34,678 | INFO | -- END Twilio API Request --
2025-04-23 15:24:35,158 | INFO | Response Status Code: 201
2025-04-23 15:24:35,158 | INFO | Response Headers: {'Content-Type': 'application/json;charset=utf-8', 'Content-Length': '860', 'Connection': 'keep-alive', 'Date': 'Wed, 23 Apr 2025 13:24:35 GMT', 'X-Powered-By': 'AT-5000', 'Twilio-Concurrent-Requests': '1', 'Twilio-Request-Id': 'RQc4917d5195de84a06142732a20aedde5', 'Twilio-Request-Duration': '0.121', 'X-Home-Region': 'us1', 'X-Api-Domain': 'api.twilio.com', 'Strict-Transport-Security': 'max-age=31536000', 'Access-Control-Allow-Origin': '*', 'Access-Control-Allow-Headers': 'Accept, Authorization, Content-Type, If-Match, If-Modified-Since, If-None-Match, If-Unmodified-Since, Idempotency-Key, X-Pre-Auth-Context, X-Target-Region', 'Access-Control-Allow-Methods': 'GET, POST, PATCH, PUT, DELETE, OPTIONS', 'Access-Control-Expose-Headers': 'ETag, Twilio-Request-Id', 'Access-Control-Allow-Credentials': 'true', 'X-Shenanigans': 'none', 'X-Cache': 'Miss from cloudfront', 'Via': '1.1 89fef83988c94b39f58d14fb4db012e6.cloudfront.net (CloudFront)', 'X-Amz-Cf-Pop': 'JNB51-P2', 'X-Amz-Cf-Id': 'HGShGx-8RsWQtxEeN7aBGv-8z9yHsA5QxE713yczCCyElNxZHAK3Uw=='}
2025-04-23 15:24:35,158 | INFO | Sent WhatsApp message to whatsapp:+27645139217 for order URC1041: SMc4917d5195de84a06142732a20aedde5
2025-04-24 05:20:45,489 | INFO | ✅ Database initialized successfully.
2025-04-24 05:21:28,194 | INFO | -- BEGIN Twilio API Request --
2025-04-24 05:21:28,194 | INFO | POST Request: https://api.twilio.com/2010-04-01/Accounts/AC78528274fa496d197171ff628cadc23a/Messages.json
2025-04-24 05:21:28,194 | INFO | Headers:
2025-04-24 05:21:28,194 | INFO | Content-Type : application/x-www-form-urlencoded
2025-04-24 05:21:28,195 | INFO | Accept : application/json
2025-04-24 05:21:28,195 | INFO | User-Agent : twilio-python/9.5.2 (Darwin arm64) Python/3.13.3
2025-04-24 05:21:28,195 | INFO | X-Twilio-Client : python-9.5.2
2025-04-24 05:21:28,195 | INFO | Accept-Charset : utf-8
2025-04-24 05:21:28,195 | INFO | -- END Twilio API Request --
2025-04-24 05:21:28,592 | INFO | Response Status Code: 201
2025-04-24 05:21:28,593 | INFO | Response Headers: {'Content-Type': 'application/json;charset=utf-8', 'Content-Length': '860', 'Connection': 'keep-alive', 'Date': 'Thu, 24 Apr 2025 03:21:28 GMT', 'X-Powered-By': 'AT-5000', 'Twilio-Concurrent-Requests': '1', 'Twilio-Request-Id': 'RQcb10d8ecc359f1d567bdf62c0a793f99', 'Twilio-Request-Duration': '0.097', 'X-Home-Region': 'us1', 'X-Api-Domain': 'api.twilio.com', 'Strict-Transport-Security': 'max-age=31536000', 'Access-Control-Allow-Origin': '*', 'Access-Control-Allow-Headers': 'Accept, Authorization, Content-Type, If-Match, If-Modified-Since, If-None-Match, If-Unmodified-Since, Idempotency-Key, X-Pre-Auth-Context, X-Target-Region', 'Access-Control-Allow-Methods': 'GET, POST, PATCH, PUT, DELETE, OPTIONS', 'Access-Control-Expose-Headers': 'ETag, Twilio-Request-Id', 'Access-Control-Allow-Credentials': 'true', 'X-Shenanigans': 'none', 'X-Cache': 'Miss from cloudfront', 'Via': '1.1 9238906dda44b39932be27cd5030b10e.cloudfront.net (CloudFront)', 'X-Amz-Cf-Pop': 'JNB51-P2', 'X-Amz-Cf-Id': 'KmZzxrMBzvGIkfWAVu7ybm_Ch4PTMXEbHnzWmngmDOW8Nx-oNVkvMQ=='}
2025-04-24 05:21:28,593 | INFO | Sent WhatsApp message to whatsapp:+27645139217 for order URC1043: SMcb10d8ecc359f1d567bdf62c0a793f99
2025-04-24 05:40:10,599 | INFO | ✅ Database initialized successfully.
2025-04-24 05:46:27,225 | INFO | ✅ Database initialized successfully.
2025-04-24 06:44:37,658 | INFO | ✅ Database initialized successfully.
2025-04-24 06:45:32,060 | INFO | -- BEGIN Twilio API Request --
2025-04-24 06:45:32,060 | INFO | POST Request: https://api.twilio.com/2010-04-01/Accounts/AC78528274fa496d197171ff628cadc23a/Messages.json
2025-04-24 06:45:32,060 | INFO | Headers:
2025-04-24 06:45:32,060 | INFO | Content-Type : application/x-www-form-urlencoded
2025-04-24 06:45:32,060 | INFO | Accept : application/json
2025-04-24 06:45:32,060 | INFO | User-Agent : twilio-python/9.5.2 (Darwin arm64) Python/3.13.3
2025-04-24 06:45:32,060 | INFO | X-Twilio-Client : python-9.5.2
2025-04-24 06:45:32,060 | INFO | Accept-Charset : utf-8
2025-04-24 06:45:32,060 | INFO | -- END Twilio API Request --
2025-04-24 06:45:32,470 | INFO | Response Status Code: 201
2025-04-24 06:45:32,470 | INFO | Response Headers: {'Content-Type': 'application/json;charset=utf-8', 'Content-Length': '860', 'Connection': 'keep-alive', 'Date': 'Thu, 24 Apr 2025 04:45:32 GMT', 'X-Powered-By': 'AT-5000', 'Twilio-Concurrent-Requests': '1', 'Twilio-Request-Id': 'RQ3170a7ac9468cc7295de115d9616ec6e', 'Twilio-Request-Duration': '0.112', 'X-Home-Region': 'us1', 'X-Api-Domain': 'api.twilio.com', 'Strict-Transport-Security': 'max-age=31536000', 'Access-Control-Allow-Origin': '*', 'Access-Control-Allow-Headers': 'Accept, Authorization, Content-Type, If-Match, If-Modified-Since, If-None-Match, If-Unmodified-Since, Idempotency-Key, X-Pre-Auth-Context, X-Target-Region', 'Access-Control-Allow-Methods': 'GET, POST, PATCH, PUT, DELETE, OPTIONS', 'Access-Control-Expose-Headers': 'ETag, Twilio-Request-Id', 'Access-Control-Allow-Credentials': 'true', 'X-Shenanigans': 'none', 'X-Cache': 'Miss from cloudfront', 'Via': '1.1 830ab990947abdf70292b0982048c184.cloudfront.net (CloudFront)', 'X-Amz-Cf-Pop': 'JNB51-P2', 'X-Amz-Cf-Id': 'y0n_SX_-x7f8tw8GLuCd3GUfUn_xp7Yytp_5Gb5TqkaO8ea0al9MNw=='}
2025-04-24 06:45:32,470 | INFO | Sent WhatsApp message to whatsapp:+27645139217 for order URC1045: SM3170a7ac9468cc7295de115d9616ec6e
2025-04-24 06:45:32,470 | INFO | -- BEGIN Twilio API Request --
2025-04-24 06:45:32,470 | INFO | POST Request: https://api.twilio.com/2010-04-01/Accounts/AC78528274fa496d197171ff628cadc23a/Messages.json
2025-04-24 06:45:32,470 | INFO | Headers:
2025-04-24 06:45:32,470 | INFO | Content-Type : application/x-www-form-urlencoded
2025-04-24 06:45:32,470 | INFO | Accept : application/json
2025-04-24 06:45:32,470 | INFO | User-Agent : twilio-python/9.5.2 (Darwin arm64) Python/3.13.3
2025-04-24 06:45:32,470 | INFO | X-Twilio-Client : python-9.5.2
2025-04-24 06:45:32,470 | INFO | Accept-Charset : utf-8
2025-04-24 06:45:32,470 | INFO | -- END Twilio API Request --
2025-04-24 06:45:32,817 | INFO | Response Status Code: 201
2025-04-24 06:45:32,818 | INFO | Response Headers: {'Content-Type': 'application/json;charset=utf-8', 'Content-Length': '860', 'Connection': 'keep-alive', 'Date': 'Thu, 24 Apr 2025 04:45:32 GMT', 'X-Powered-By': 'AT-5000', 'Twilio-Concurrent-Requests': '1', 'Twilio-Request-Id': 'RQ0f41fb7f300790d7266d3ce6ec463a25', 'Twilio-Request-Duration': '0.085', 'X-Home-Region': 'us1', 'X-Api-Domain': 'api.twilio.com', 'Strict-Transport-Security': 'max-age=31536000', 'Access-Control-Allow-Origin': '*', 'Access-Control-Allow-Headers': 'Accept, Authorization, Content-Type, If-Match, If-Modified-Since, If-None-Match, If-Unmodified-Since, Idempotency-Key, X-Pre-Auth-Context, X-Target-Region', 'Access-Control-Allow-Methods': 'GET, POST, PATCH, PUT, DELETE, OPTIONS', 'Access-Control-Expose-Headers': 'ETag, Twilio-Request-Id', 'Access-Control-Allow-Credentials': 'true', 'X-Shenanigans': 'none', 'X-Cache': 'Miss from cloudfront', 'Via': '1.1 830ab990947abdf70292b0982048c184.cloudfront.net (CloudFront)', 'X-Amz-Cf-Pop': 'JNB51-P2', 'X-Amz-Cf-Id': 'cINYhiFMX1vTOk99SAULxgH0-v4tG6Y1Q-BMqLwIgJ4OCX8TnJx21A=='}
2025-04-24 06:45:32,818 | INFO | Sent WhatsApp message to whatsapp:+27834584385 for order URC1045: SM0f41fb7f300790d7266d3ce6ec463a25
2025-04-24 06:45:32,818 | INFO | -- BEGIN Twilio API Request --
2025-04-24 06:45:32,818 | INFO | POST Request: https://api.twilio.com/2010-04-01/Accounts/AC78528274fa496d197171ff628cadc23a/Messages.json
2025-04-24 06:45:32,818 | INFO | Headers:
2025-04-24 06:45:32,818 | INFO | Content-Type : application/x-www-form-urlencoded
2025-04-24 06:45:32,818 | INFO | Accept : application/json
2025-04-24 06:45:32,818 | INFO | User-Agent : twilio-python/9.5.2 (Darwin arm64) Python/3.13.3
2025-04-24 06:45:32,818 | INFO | X-Twilio-Client : python-9.5.2
2025-04-24 06:45:32,818 | INFO | Accept-Charset : utf-8
2025-04-24 06:45:32,818 | INFO | -- END Twilio API Request --
2025-04-24 06:45:33,288 | INFO | Response Status Code: 201
2025-04-24 06:45:33,289 | INFO | Response Headers: {'Content-Type': 'application/json;charset=utf-8', 'Content-Length': '860', 'Connection': 'keep-alive', 'Date': 'Thu, 24 Apr 2025 04:45:33 GMT', 'X-Powered-By': 'AT-5000', 'Twilio-Concurrent-Requests': '1', 'Twilio-Request-Id': 'RQ7b166ffd6cef9d966f097e1e15c480f7', 'Twilio-Request-Duration': '0.105', 'X-Home-Region': 'us1', 'X-Api-Domain': 'api.twilio.com', 'Strict-Transport-Security': 'max-age=31536000', 'Access-Control-Allow-Origin': '*', 'Access-Control-Allow-Headers': 'Accept, Authorization, Content-Type, If-Match, If-Modified-Since, If-None-Match, If-Unmodified-Since, Idempotency-Key, X-Pre-Auth-Context, X-Target-Region', 'Access-Control-Allow-Methods': 'GET, POST, PATCH, PUT, DELETE, OPTIONS', 'Access-Control-Expose-Headers': 'ETag, Twilio-Request-Id', 'Access-Control-Allow-Credentials': 'true', 'X-Shenanigans': 'none', 'X-Cache': 'Miss from cloudfront', 'Via': '1.1 830ab990947abdf70292b0982048c184.cloudfront.net (CloudFront)', 'X-Amz-Cf-Pop': 'JNB51-P2', 'X-Amz-Cf-Id': 'GvkpcijWg0tKIhO_gDj1Ic-cWoS-ic2BMQjUMmzWseoA__7wEFHkGw=='}
2025-04-24 06:45:33,289 | INFO | Sent WhatsApp message to whatsapp:+27834584385 for order URC1045: SM7b166ffd6cef9d966f097e1e15c480f7
2025-04-24 06:45:33,289 | INFO | -- BEGIN Twilio API Request --
2025-04-24 06:45:33,289 | INFO | POST Request: https://api.twilio.com/2010-04-01/Accounts/AC78528274fa496d197171ff628cadc23a/Messages.json
2025-04-24 06:45:33,289 | INFO | Headers:
2025-04-24 06:45:33,289 | INFO | Content-Type : application/x-www-form-urlencoded
2025-04-24 06:45:33,289 | INFO | Accept : application/json
2025-04-24 06:45:33,290 | INFO | User-Agent : twilio-python/9.5.2 (Darwin arm64) Python/3.13.3
2025-04-24 06:45:33,290 | INFO | X-Twilio-Client : python-9.5.2
2025-04-24 06:45:33,290 | INFO | Accept-Charset : utf-8
2025-04-24 06:45:33,290 | INFO | -- END Twilio API Request --
2025-04-24 06:45:33,645 | INFO | Response Status Code: 201
2025-04-24 06:45:33,645 | INFO | Response Headers: {'Content-Type': 'application/json;charset=utf-8', 'Content-Length': '860', 'Connection': 'keep-alive', 'Date': 'Thu, 24 Apr 2025 04:45:33 GMT', 'X-Powered-By': 'AT-5000', 'Twilio-Concurrent-Requests': '1', 'Twilio-Request-Id': 'RQ22cd2cf94893cda9a035b43f6bd108f3', 'Twilio-Request-Duration': '0.093', 'X-Home-Region': 'us1', 'X-Api-Domain': 'api.twilio.com', 'Strict-Transport-Security': 'max-age=31536000', 'Access-Control-Allow-Origin': '*', 'Access-Control-Allow-Headers': 'Accept, Authorization, Content-Type, If-Match, If-Modified-Since, If-None-Match, If-Unmodified-Since, Idempotency-Key, X-Pre-Auth-Context, X-Target-Region', 'Access-Control-Allow-Methods': 'GET, POST, PATCH, PUT, DELETE, OPTIONS', 'Access-Control-Expose-Headers': 'ETag, Twilio-Request-Id', 'Access-Control-Allow-Credentials': 'true', 'X-Shenanigans': 'none', 'X-Cache': 'Miss from cloudfront', 'Via': '1.1 830ab990947abdf70292b0982048c184.cloudfront.net (CloudFront)', 'X-Amz-Cf-Pop': 'JNB51-P2', 'X-Amz-Cf-Id': 'GuTCn16wl8710tmn_YAVVZ5_Qrjax6llRVr4LSrp6J5t_i9KsA7lTg=='}
2025-04-24 06:45:33,646 | INFO | Sent WhatsApp message to whatsapp:+27834584385 for order URC1045: SM22cd2cf94893cda9a035b43f6bd108f3
2025-04-24 06:45:33,646 | INFO | -- BEGIN Twilio API Request --
2025-04-24 06:45:33,646 | INFO | POST Request: https://api.twilio.com/2010-04-01/Accounts/AC78528274fa496d197171ff628cadc23a/Messages.json
2025-04-24 06:45:33,646 | INFO | Headers:
2025-04-24 06:45:33,646 | INFO | Content-Type : application/x-www-form-urlencoded
2025-04-24 06:45:33,646 | INFO | Accept : application/json
2025-04-24 06:45:33,646 | INFO | User-Agent : twilio-python/9.5.2 (Darwin arm64) Python/3.13.3
2025-04-24 06:45:33,646 | INFO | X-Twilio-Client : python-9.5.2
2025-04-24 06:45:33,646 | INFO | Accept-Charset : utf-8
2025-04-24 06:45:33,646 | INFO | -- END Twilio API Request --
2025-04-24 06:45:34,108 | INFO | Response Status Code: 201
2025-04-24 06:45:34,109 | INFO | Response Headers: {'Content-Type': 'application/json;charset=utf-8', 'Content-Length': '858', 'Connection': 'keep-alive', 'Date': 'Thu, 24 Apr 2025 04:45:33 GMT', 'X-Powered-By': 'AT-5000', 'Twilio-Concurrent-Requests': '1', 'Twilio-Request-Id': 'RQf9d1a6be1769f845bd9c0214f94d599e', 'Twilio-Request-Duration': '0.097', 'X-Home-Region': 'us1', 'X-Api-Domain': 'api.twilio.com', 'Strict-Transport-Security': 'max-age=31536000', 'Access-Control-Allow-Origin': '*', 'Access-Control-Allow-Headers': 'Accept, Authorization, Content-Type, If-Match, If-Modified-Since, If-None-Match, If-Unmodified-Since, Idempotency-Key, X-Pre-Auth-Context, X-Target-Region', 'Access-Control-Allow-Methods': 'GET, POST, PATCH, PUT, DELETE, OPTIONS', 'Access-Control-Expose-Headers': 'ETag, Twilio-Request-Id', 'Access-Control-Allow-Credentials': 'true', 'X-Shenanigans': 'none', 'X-Cache': 'Miss from cloudfront', 'Via': '1.1 830ab990947abdf70292b0982048c184.cloudfront.net (CloudFront)', 'X-Amz-Cf-Pop': 'JNB51-P2', 'X-Amz-Cf-Id': 'RRwyhLfLMAfDlm1wNd7x7D4gHLOdOLvHecrhFTs1dF3PLnsveoO0Fw=='}
2025-04-24 06:45:34,109 | INFO | Sent WhatsApp message to whatsapp:+275387206 for order URC1045: SMf9d1a6be1769f845bd9c0214f94d599e
2025-04-24 06:45:34,109 | INFO | -- BEGIN Twilio API Request --
2025-04-24 06:45:34,109 | INFO | POST Request: https://api.twilio.com/2010-04-01/Accounts/AC78528274fa496d197171ff628cadc23a/Messages.json
2025-04-24 06:45:34,109 | INFO | Headers:
2025-04-24 06:45:34,109 | INFO | Content-Type : application/x-www-form-urlencoded
2025-04-24 06:45:34,109 | INFO | Accept : application/json
2025-04-24 06:45:34,109 | INFO | User-Agent : twilio-python/9.5.2 (Darwin arm64) Python/3.13.3
2025-04-24 06:45:34,109 | INFO | X-Twilio-Client : python-9.5.2
2025-04-24 06:45:34,109 | INFO | Accept-Charset : utf-8
2025-04-24 06:45:34,109 | INFO | -- END Twilio API Request --
2025-04-24 06:45:34,454 | INFO | Response Status Code: 201
2025-04-24 06:45:34,454 | INFO | Response Headers: {'Content-Type': 'application/json;charset=utf-8', 'Content-Length': '860', 'Connection': 'keep-alive', 'Date': 'Thu, 24 Apr 2025 04:45:34 GMT', 'X-Powered-By': 'AT-5000', 'Twilio-Concurrent-Requests': '1', 'Twilio-Request-Id': 'RQ7faf34e59c546ffa300b0b10f919c5f4', 'Twilio-Request-Duration': '0.084', 'X-Home-Region': 'us1', 'X-Api-Domain': 'api.twilio.com', 'Strict-Transport-Security': 'max-age=31536000', 'Access-Control-Allow-Origin': '*', 'Access-Control-Allow-Headers': 'Accept, Authorization, Content-Type, If-Match, If-Modified-Since, If-None-Match, If-Unmodified-Since, Idempotency-Key, X-Pre-Auth-Context, X-Target-Region', 'Access-Control-Allow-Methods': 'GET, POST, PATCH, PUT, DELETE, OPTIONS', 'Access-Control-Expose-Headers': 'ETag, Twilio-Request-Id', 'Access-Control-Allow-Credentials': 'true', 'X-Shenanigans': 'none', 'X-Cache': 'Miss from cloudfront', 'Via': '1.1 830ab990947abdf70292b0982048c184.cloudfront.net (CloudFront)', 'X-Amz-Cf-Pop': 'JNB51-P2', 'X-Amz-Cf-Id': '_c6xzVHFsnux7ehUPCHP6ZyQwea_npPL-8GxIhE5xcWmEejifACztg=='}
2025-04-24 06:45:34,454 | INFO | Sent WhatsApp message to whatsapp:+27729186702 for order URC1045: SM7faf34e59c546ffa300b0b10f919c5f4
2025-04-24 06:45:34,454 | INFO | -- BEGIN Twilio API Request --
2025-04-24 06:45:34,454 | INFO | POST Request: https://api.twilio.com/2010-04-01/Accounts/AC78528274fa496d197171ff628cadc23a/Messages.json
2025-04-24 06:45:34,454 | INFO | Headers:
2025-04-24 06:45:34,454 | INFO | Content-Type : application/x-www-form-urlencoded
2025-04-24 06:45:34,454 | INFO | Accept : application/json
2025-04-24 06:45:34,454 | INFO | User-Agent : twilio-python/9.5.2 (Darwin arm64) Python/3.13.3
2025-04-24 06:45:34,454 | INFO | X-Twilio-Client : python-9.5.2
2025-04-24 06:45:34,454 | INFO | Accept-Charset : utf-8
2025-04-24 06:45:34,454 | INFO | -- END Twilio API Request --
2025-04-24 06:45:34,822 | INFO | Response Status Code: 201
2025-04-24 06:45:34,822 | INFO | Response Headers: {'Content-Type': 'application/json;charset=utf-8', 'Content-Length': '860', 'Connection': 'keep-alive', 'Date': 'Thu, 24 Apr 2025 04:45:34 GMT', 'X-Powered-By': 'AT-5000', 'Twilio-Concurrent-Requests': '1', 'Twilio-Request-Id': 'RQ63e545523965584d711792fa4db55e1f', 'Twilio-Request-Duration': '0.096', 'X-Home-Region': 'us1', 'X-Api-Domain': 'api.twilio.com', 'Strict-Transport-Security': 'max-age=31536000', 'Access-Control-Allow-Origin': '*', 'Access-Control-Allow-Headers': 'Accept, Authorization, Content-Type, If-Match, If-Modified-Since, If-None-Match, If-Unmodified-Since, Idempotency-Key, X-Pre-Auth-Context, X-Target-Region', 'Access-Control-Allow-Methods': 'GET, POST, PATCH, PUT, DELETE, OPTIONS', 'Access-Control-Expose-Headers': 'ETag, Twilio-Request-Id', 'Access-Control-Allow-Credentials': 'true', 'X-Shenanigans': 'none', 'X-Cache': 'Miss from cloudfront', 'Via': '1.1 830ab990947abdf70292b0982048c184.cloudfront.net (CloudFront)', 'X-Amz-Cf-Pop': 'JNB51-P2', 'X-Amz-Cf-Id': '1w00WyMDilYZB353_7ISrzB4kLR61mPGqB0G1D_MSpIfP4Mygyla5w=='}
2025-04-24 06:45:34,822 | INFO | Sent WhatsApp message to whatsapp:+27828249479 for order URC1045: SM63e545523965584d711792fa4db55e1f
2025-04-24 06:53:46,056 | INFO | ✅ Database initialized successfully.
2025-04-24 06:53:53,215 | INFO | ✅ Database initialized successfully.
2025-04-24 06:54:38,321 | INFO | -- BEGIN Twilio API Request --
2025-04-24 06:54:38,321 | INFO | POST Request: https://api.twilio.com/2010-04-01/Accounts/AC78528274fa496d197171ff628cadc23a/Messages.json
2025-04-24 06:54:38,321 | INFO | Headers:
2025-04-24 06:54:38,321 | INFO | Content-Type : application/x-www-form-urlencoded
2025-04-24 06:54:38,321 | INFO | Accept : application/json
2025-04-24 06:54:38,321 | INFO | User-Agent : twilio-python/9.5.2 (Darwin arm64) Python/3.13.3
2025-04-24 06:54:38,321 | INFO | X-Twilio-Client : python-9.5.2
2025-04-24 06:54:38,321 | INFO | Accept-Charset : utf-8
2025-04-24 06:54:38,321 | INFO | -- END Twilio API Request --
2025-04-24 06:54:38,787 | INFO | Response Status Code: 201
2025-04-24 06:54:38,788 | INFO | Response Headers: {'Content-Type': 'application/json;charset=utf-8', 'Content-Length': '860', 'Connection': 'keep-alive', 'Date': 'Thu, 24 Apr 2025 04:54:38 GMT', 'X-Powered-By': 'AT-5000', 'Twilio-Concurrent-Requests': '1', 'Twilio-Request-Id': 'RQ67f65e21b693340d3631975a1d5250e7', 'Twilio-Request-Duration': '0.109', 'X-Home-Region': 'us1', 'X-Api-Domain': 'api.twilio.com', 'Strict-Transport-Security': 'max-age=31536000', 'Access-Control-Allow-Origin': '*', 'Access-Control-Allow-Headers': 'Accept, Authorization, Content-Type, If-Match, If-Modified-Since, If-None-Match, If-Unmodified-Since, Idempotency-Key, X-Pre-Auth-Context, X-Target-Region', 'Access-Control-Allow-Methods': 'GET, POST, PATCH, PUT, DELETE, OPTIONS', 'Access-Control-Expose-Headers': 'ETag, Twilio-Request-Id', 'Access-Control-Allow-Credentials': 'true', 'X-Shenanigans': 'none', 'X-Cache': 'Miss from cloudfront', 'Via': '1.1 a8107f6101d19ecca73e16814dcdacf6.cloudfront.net (CloudFront)', 'X-Amz-Cf-Pop': 'JNB51-P2', 'X-Amz-Cf-Id': 'n-OuOA_kOXDpQtsjh8w1hb5EWnOK8omGr1JFYnXwF96X0n5SW46-4Q=='}
2025-04-24 06:54:38,788 | INFO | Sent WhatsApp message to whatsapp:+27645139217 for order URC1047: SM67f65e21b693340d3631975a1d5250e7
2025-04-24 06:54:38,788 | INFO | -- BEGIN Twilio API Request --
2025-04-24 06:54:38,788 | INFO | POST Request: https://api.twilio.com/2010-04-01/Accounts/AC78528274fa496d197171ff628cadc23a/Messages.json
2025-04-24 06:54:38,788 | INFO | Headers:
2025-04-24 06:54:38,788 | INFO | Content-Type : application/x-www-form-urlencoded
2025-04-24 06:54:38,788 | INFO | Accept : application/json
2025-04-24 06:54:38,788 | INFO | User-Agent : twilio-python/9.5.2 (Darwin arm64) Python/3.13.3
2025-04-24 06:54:38,788 | INFO | X-Twilio-Client : python-9.5.2
2025-04-24 06:54:38,788 | INFO | Accept-Charset : utf-8
2025-04-24 06:54:38,788 | INFO | -- END Twilio API Request --
2025-04-24 06:54:39,164 | INFO | Response Status Code: 201
2025-04-24 06:54:39,164 | INFO | Response Headers: {'Content-Type': 'application/json;charset=utf-8', 'Content-Length': '860', 'Connection': 'keep-alive', 'Date': 'Thu, 24 Apr 2025 04:54:39 GMT', 'X-Powered-By': 'AT-5000', 'Twilio-Concurrent-Requests': '1', 'Twilio-Request-Id': 'RQ5e1e5ece690a97a83ceb34827fbd0d60', 'Twilio-Request-Duration': '0.114', 'X-Home-Region': 'us1', 'X-Api-Domain': 'api.twilio.com', 'Strict-Transport-Security': 'max-age=31536000', 'Access-Control-Allow-Origin': '*', 'Access-Control-Allow-Headers': 'Accept, Authorization, Content-Type, If-Match, If-Modified-Since, If-None-Match, If-Unmodified-Since, Idempotency-Key, X-Pre-Auth-Context, X-Target-Region', 'Access-Control-Allow-Methods': 'GET, POST, PATCH, PUT, DELETE, OPTIONS', 'Access-Control-Expose-Headers': 'ETag, Twilio-Request-Id', 'Access-Control-Allow-Credentials': 'true', 'X-Shenanigans': 'none', 'X-Cache': 'Miss from cloudfront', 'Via': '1.1 a8107f6101d19ecca73e16814dcdacf6.cloudfront.net (CloudFront)', 'X-Amz-Cf-Pop': 'JNB51-P2', 'X-Amz-Cf-Id': 'K2JixLYTDEmDM4L9nA9df5c_YGT_8F2KvraTnqF-s9Bpu8AYjPIXCQ=='}
2025-04-24 06:54:39,164 | INFO | Sent WhatsApp message to whatsapp:+27834584385 for order URC1047: SM5e1e5ece690a97a83ceb34827fbd0d60
2025-04-24 06:54:39,164 | INFO | -- BEGIN Twilio API Request --
2025-04-24 06:54:39,164 | INFO | POST Request: https://api.twilio.com/2010-04-01/Accounts/AC78528274fa496d197171ff628cadc23a/Messages.json
2025-04-24 06:54:39,164 | INFO | Headers:
2025-04-24 06:54:39,164 | INFO | Content-Type : application/x-www-form-urlencoded
2025-04-24 06:54:39,164 | INFO | Accept : application/json
2025-04-24 06:54:39,164 | INFO | User-Agent : twilio-python/9.5.2 (Darwin arm64) Python/3.13.3
2025-04-24 06:54:39,164 | INFO | X-Twilio-Client : python-9.5.2
2025-04-24 06:54:39,164 | INFO | Accept-Charset : utf-8
2025-04-24 06:54:39,164 | INFO | -- END Twilio API Request --
2025-04-24 06:54:39,542 | INFO | Response Status Code: 201
2025-04-24 06:54:39,542 | INFO | Response Headers: {'Content-Type': 'application/json;charset=utf-8', 'Content-Length': '860', 'Connection': 'keep-alive', 'Date': 'Thu, 24 Apr 2025 04:54:39 GMT', 'X-Powered-By': 'AT-5000', 'Twilio-Concurrent-Requests': '1', 'Twilio-Request-Id': 'RQ80e490369771e7ce3901073e37149e0a', 'Twilio-Request-Duration': '0.118', 'X-Home-Region': 'us1', 'X-Api-Domain': 'api.twilio.com', 'Strict-Transport-Security': 'max-age=31536000', 'Access-Control-Allow-Origin': '*', 'Access-Control-Allow-Headers': 'Accept, Authorization, Content-Type, If-Match, If-Modified-Since, If-None-Match, If-Unmodified-Since, Idempotency-Key, X-Pre-Auth-Context, X-Target-Region', 'Access-Control-Allow-Methods': 'GET, POST, PATCH, PUT, DELETE, OPTIONS', 'Access-Control-Expose-Headers': 'ETag, Twilio-Request-Id', 'Access-Control-Allow-Credentials': 'true', 'X-Shenanigans': 'none', 'X-Cache': 'Miss from cloudfront', 'Via': '1.1 a8107f6101d19ecca73e16814dcdacf6.cloudfront.net (CloudFront)', 'X-Amz-Cf-Pop': 'JNB51-P2', 'X-Amz-Cf-Id': 'ns4B_6y8U5CfuH4ckTWOvd2rKUKkTUco-BPkEbI8VT_z5jQ5A-Ywtg=='}
2025-04-24 06:54:39,542 | INFO | Sent WhatsApp message to whatsapp:+27834584385 for order URC1047: SM80e490369771e7ce3901073e37149e0a
2025-04-24 06:54:39,543 | INFO | -- BEGIN Twilio API Request --
2025-04-24 06:54:39,543 | INFO | POST Request: https://api.twilio.com/2010-04-01/Accounts/AC78528274fa496d197171ff628cadc23a/Messages.json
2025-04-24 06:54:39,543 | INFO | Headers:
2025-04-24 06:54:39,543 | INFO | Content-Type : application/x-www-form-urlencoded
2025-04-24 06:54:39,543 | INFO | Accept : application/json
2025-04-24 06:54:39,543 | INFO | User-Agent : twilio-python/9.5.2 (Darwin arm64) Python/3.13.3
2025-04-24 06:54:39,543 | INFO | X-Twilio-Client : python-9.5.2
2025-04-24 06:54:39,543 | INFO | Accept-Charset : utf-8
2025-04-24 06:54:39,543 | INFO | -- END Twilio API Request --
2025-04-24 06:54:39,906 | INFO | Response Status Code: 201
2025-04-24 06:54:39,906 | INFO | Response Headers: {'Content-Type': 'application/json;charset=utf-8', 'Content-Length': '860', 'Connection': 'keep-alive', 'Date': 'Thu, 24 Apr 2025 04:54:39 GMT', 'X-Powered-By': 'AT-5000', 'Twilio-Concurrent-Requests': '1', 'Twilio-Request-Id': 'RQa253731b37feb57569966c5722213e12', 'Twilio-Request-Duration': '0.102', 'X-Home-Region': 'us1', 'X-Api-Domain': 'api.twilio.com', 'Strict-Transport-Security': 'max-age=31536000', 'Access-Control-Allow-Origin': '*', 'Access-Control-Allow-Headers': 'Accept, Authorization, Content-Type, If-Match, If-Modified-Since, If-None-Match, If-Unmodified-Since, Idempotency-Key, X-Pre-Auth-Context, X-Target-Region', 'Access-Control-Allow-Methods': 'GET, POST, PATCH, PUT, DELETE, OPTIONS', 'Access-Control-Expose-Headers': 'ETag, Twilio-Request-Id', 'Access-Control-Allow-Credentials': 'true', 'X-Shenanigans': 'none', 'X-Cache': 'Miss from cloudfront', 'Via': '1.1 a8107f6101d19ecca73e16814dcdacf6.cloudfront.net (CloudFront)', 'X-Amz-Cf-Pop': 'JNB51-P2', 'X-Amz-Cf-Id': 'wS1rqzwnAtCutD3P8MNXUT6FIMtzHnXT5ZxVajuiNZBO7q5qYVzCVw=='}
2025-04-24 06:54:39,906 | INFO | Sent WhatsApp message to whatsapp:+27834584385 for order URC1047: SMa253731b37feb57569966c5722213e12
2025-04-24 06:54:39,906 | INFO | -- BEGIN Twilio API Request --
2025-04-24 06:54:39,906 | INFO | POST Request: https://api.twilio.com/2010-04-01/Accounts/AC78528274fa496d197171ff628cadc23a/Messages.json
2025-04-24 06:54:39,906 | INFO | Headers:
2025-04-24 06:54:39,906 | INFO | Content-Type : application/x-www-form-urlencoded
2025-04-24 06:54:39,906 | INFO | Accept : application/json
2025-04-24 06:54:39,906 | INFO | User-Agent : twilio-python/9.5.2 (Darwin arm64) Python/3.13.3
2025-04-24 06:54:39,906 | INFO | X-Twilio-Client : python-9.5.2
2025-04-24 06:54:39,906 | INFO | Accept-Charset : utf-8
2025-04-24 06:54:39,906 | INFO | -- END Twilio API Request --
2025-04-24 06:54:40,266 | INFO | Response Status Code: 201
2025-04-24 06:54:40,266 | INFO | Response Headers: {'Content-Type': 'application/json;charset=utf-8', 'Content-Length': '858', 'Connection': 'keep-alive', 'Date': 'Thu, 24 Apr 2025 04:54:40 GMT', 'X-Powered-By': 'AT-5000', 'Twilio-Concurrent-Requests': '1', 'Twilio-Request-Id': 'RQ8be1df91ede905f0f80909396a3e58c0', 'Twilio-Request-Duration': '0.098', 'X-Home-Region': 'us1', 'X-Api-Domain': 'api.twilio.com', 'Strict-Transport-Security': 'max-age=31536000', 'Access-Control-Allow-Origin': '*', 'Access-Control-Allow-Headers': 'Accept, Authorization, Content-Type, If-Match, If-Modified-Since, If-None-Match, If-Unmodified-Since, Idempotency-Key, X-Pre-Auth-Context, X-Target-Region', 'Access-Control-Allow-Methods': 'GET, POST, PATCH, PUT, DELETE, OPTIONS', 'Access-Control-Expose-Headers': 'ETag, Twilio-Request-Id', 'Access-Control-Allow-Credentials': 'true', 'X-Shenanigans': 'none', 'X-Cache': 'Miss from cloudfront', 'Via': '1.1 a8107f6101d19ecca73e16814dcdacf6.cloudfront.net (CloudFront)', 'X-Amz-Cf-Pop': 'JNB51-P2', 'X-Amz-Cf-Id': 'QO23v1mX47W88bPb5WS-IvPUrqFz7KPdIKPeiA6u6aIHfD7N3dQKUA=='}
2025-04-24 06:54:40,266 | INFO | Sent WhatsApp message to whatsapp:+275387206 for order URC1047: SM8be1df91ede905f0f80909396a3e58c0
2025-04-24 06:54:40,267 | INFO | -- BEGIN Twilio API Request --
2025-04-24 06:54:40,267 | INFO | POST Request: https://api.twilio.com/2010-04-01/Accounts/AC78528274fa496d197171ff628cadc23a/Messages.json
2025-04-24 06:54:40,267 | INFO | Headers:
2025-04-24 06:54:40,267 | INFO | Content-Type : application/x-www-form-urlencoded
2025-04-24 06:54:40,267 | INFO | Accept : application/json
2025-04-24 06:54:40,267 | INFO | User-Agent : twilio-python/9.5.2 (Darwin arm64) Python/3.13.3
2025-04-24 06:54:40,267 | INFO | X-Twilio-Client : python-9.5.2
2025-04-24 06:54:40,267 | INFO | Accept-Charset : utf-8
2025-04-24 06:54:40,267 | INFO | -- END Twilio API Request --
2025-04-24 06:54:40,635 | INFO | Response Status Code: 201
2025-04-24 06:54:40,635 | INFO | Response Headers: {'Content-Type': 'application/json;charset=utf-8', 'Content-Length': '860', 'Connection': 'keep-alive', 'Date': 'Thu, 24 Apr 2025 04:54:40 GMT', 'X-Powered-By': 'AT-5000', 'Twilio-Concurrent-Requests': '1', 'Twilio-Request-Id': 'RQ5e451ce0eabf5406419712bc21026acb', 'Twilio-Request-Duration': '0.107', 'X-Home-Region': 'us1', 'X-Api-Domain': 'api.twilio.com', 'Strict-Transport-Security': 'max-age=31536000', 'Access-Control-Allow-Origin': '*', 'Access-Control-Allow-Headers': 'Accept, Authorization, Content-Type, If-Match, If-Modified-Since, If-None-Match, If-Unmodified-Since, Idempotency-Key, X-Pre-Auth-Context, X-Target-Region', 'Access-Control-Allow-Methods': 'GET, POST, PATCH, PUT, DELETE, OPTIONS', 'Access-Control-Expose-Headers': 'ETag, Twilio-Request-Id', 'Access-Control-Allow-Credentials': 'true', 'X-Shenanigans': 'none', 'X-Cache': 'Miss from cloudfront', 'Via': '1.1 a8107f6101d19ecca73e16814dcdacf6.cloudfront.net (CloudFront)', 'X-Amz-Cf-Pop': 'JNB51-P2', 'X-Amz-Cf-Id': '_oYtPRyu0SEYR02tTrhWg9czpzVEV3hQh5x8sgjMI5VqOVracEB0GA=='}
2025-04-24 06:54:40,635 | INFO | Sent WhatsApp message to whatsapp:+27729186702 for order URC1047: SM5e451ce0eabf5406419712bc21026acb
2025-04-24 06:54:40,635 | INFO | -- BEGIN Twilio API Request --
2025-04-24 06:54:40,635 | INFO | POST Request: https://api.twilio.com/2010-04-01/Accounts/AC78528274fa496d197171ff628cadc23a/Messages.json
2025-04-24 06:54:40,635 | INFO | Headers:
2025-04-24 06:54:40,635 | INFO | Content-Type : application/x-www-form-urlencoded
2025-04-24 06:54:40,635 | INFO | Accept : application/json
2025-04-24 06:54:40,635 | INFO | User-Agent : twilio-python/9.5.2 (Darwin arm64) Python/3.13.3
2025-04-24 06:54:40,635 | INFO | X-Twilio-Client : python-9.5.2
2025-04-24 06:54:40,635 | INFO | Accept-Charset : utf-8
2025-04-24 06:54:40,635 | INFO | -- END Twilio API Request --
2025-04-24 06:54:40,991 | INFO | Response Status Code: 201
2025-04-24 06:54:40,991 | INFO | Response Headers: {'Content-Type': 'application/json;charset=utf-8', 'Content-Length': '860', 'Connection': 'keep-alive', 'Date': 'Thu, 24 Apr 2025 04:54:40 GMT', 'X-Powered-By': 'AT-5000', 'Twilio-Concurrent-Requests': '1', 'Twilio-Request-Id': 'RQ7fbac78cbd7146216743b4aef1d64ca3', 'Twilio-Request-Duration': '0.094', 'X-Home-Region': 'us1', 'X-Api-Domain': 'api.twilio.com', 'Strict-Transport-Security': 'max-age=31536000', 'Access-Control-Allow-Origin': '*', 'Access-Control-Allow-Headers': 'Accept, Authorization, Content-Type, If-Match, If-Modified-Since, If-None-Match, If-Unmodified-Since, Idempotency-Key, X-Pre-Auth-Context, X-Target-Region', 'Access-Control-Allow-Methods': 'GET, POST, PATCH, PUT, DELETE, OPTIONS', 'Access-Control-Expose-Headers': 'ETag, Twilio-Request-Id', 'Access-Control-Allow-Credentials': 'true', 'X-Shenanigans': 'none', 'X-Cache': 'Miss from cloudfront', 'Via': '1.1 a8107f6101d19ecca73e16814dcdacf6.cloudfront.net (CloudFront)', 'X-Amz-Cf-Pop': 'JNB51-P2', 'X-Amz-Cf-Id': 'v_pe0OSM1bwruoDPhOed19occkiNEbYkfLLMTiI0h2hhajGJEIMvwA=='}
2025-04-24 06:54:40,991 | INFO | Sent WhatsApp message to whatsapp:+27828249479 for order URC1047: SM7fbac78cbd7146216743b4aef1d64ca3
2025-04-24 06:57:33,128 | INFO | ✅ Database initialized successfully.
2025-04-24 06:57:38,434 | INFO | ✅ Database initialized successfully.
2025-04-24 06:58:34,564 | INFO | -- BEGIN Twilio API Request --
2025-04-24 06:58:34,564 | INFO | POST Request: https://api.twilio.com/2010-04-01/Accounts/AC78528274fa496d197171ff628cadc23a/Messages.json
2025-04-24 06:58:34,564 | INFO | Headers:
2025-04-24 06:58:34,564 | INFO | Content-Type : application/x-www-form-urlencoded
2025-04-24 06:58:34,564 | INFO | Accept : application/json
2025-04-24 06:58:34,564 | INFO | User-Agent : twilio-python/9.5.2 (Darwin arm64) Python/3.13.3
2025-04-24 06:58:34,564 | INFO | X-Twilio-Client : python-9.5.2
2025-04-24 06:58:34,564 | INFO | Accept-Charset : utf-8
2025-04-24 06:58:34,564 | INFO | -- END Twilio API Request --
2025-04-24 06:58:34,969 | INFO | Response Status Code: 201
2025-04-24 06:58:34,969 | INFO | Response Headers: {'Content-Type': 'application/json;charset=utf-8', 'Content-Length': '861', 'Connection': 'keep-alive', 'Date': 'Thu, 24 Apr 2025 04:58:34 GMT', 'X-Powered-By': 'AT-5000', 'Twilio-Concurrent-Requests': '1', 'Twilio-Request-Id': 'RQc143c42daa4be676a4cdc5bf194e41aa', 'Twilio-Request-Duration': '0.110', 'X-Home-Region': 'us1', 'X-Api-Domain': 'api.twilio.com', 'Strict-Transport-Security': 'max-age=31536000', 'Access-Control-Allow-Origin': '*', 'Access-Control-Allow-Headers': 'Accept, Authorization, Content-Type, If-Match, If-Modified-Since, If-None-Match, If-Unmodified-Since, Idempotency-Key, X-Pre-Auth-Context, X-Target-Region', 'Access-Control-Allow-Methods': 'GET, POST, PATCH, PUT, DELETE, OPTIONS', 'Access-Control-Expose-Headers': 'ETag, Twilio-Request-Id', 'Access-Control-Allow-Credentials': 'true', 'X-Shenanigans': 'none', 'X-Cache': 'Miss from cloudfront', 'Via': '1.1 6e91a4dbb2a5af5c14e92162f8d0f414.cloudfront.net (CloudFront)', 'X-Amz-Cf-Pop': 'JNB51-P2', 'X-Amz-Cf-Id': 'ZpUytNBhQZDOegt76iqs8Q1wvQOwG7UoAVJdp7lBU2fmX_WGZ_WUvw=='}
2025-04-24 06:58:34,969 | INFO | Sent WhatsApp message to whatsapp:+27645139217 for order URC1049: SMc143c42daa4be676a4cdc5bf194e41aa
2025-04-24 06:58:34,970 | INFO | -- BEGIN Twilio API Request --
2025-04-24 06:58:34,970 | INFO | POST Request: https://api.twilio.com/2010-04-01/Accounts/AC78528274fa496d197171ff628cadc23a/Messages.json
2025-04-24 06:58:34,970 | INFO | Headers:
2025-04-24 06:58:34,970 | INFO | Content-Type : application/x-www-form-urlencoded
2025-04-24 06:58:34,970 | INFO | Accept : application/json
2025-04-24 06:58:34,970 | INFO | User-Agent : twilio-python/9.5.2 (Darwin arm64) Python/3.13.3
2025-04-24 06:58:34,970 | INFO | X-Twilio-Client : python-9.5.2
2025-04-24 06:58:34,970 | INFO | Accept-Charset : utf-8
2025-04-24 06:58:34,970 | INFO | -- END Twilio API Request --
2025-04-24 06:58:35,331 | INFO | Response Status Code: 201
2025-04-24 06:58:35,331 | INFO | Response Headers: {'Content-Type': 'application/json;charset=utf-8', 'Content-Length': '861', 'Connection': 'keep-alive', 'Date': 'Thu, 24 Apr 2025 04:58:35 GMT', 'X-Powered-By': 'AT-5000', 'Twilio-Concurrent-Requests': '1', 'Twilio-Request-Id': 'RQd091b586e9c5b2397767f49e5671fc25', 'Twilio-Request-Duration': '0.098', 'X-Home-Region': 'us1', 'X-Api-Domain': 'api.twilio.com', 'Strict-Transport-Security': 'max-age=31536000', 'Access-Control-Allow-Origin': '*', 'Access-Control-Allow-Headers': 'Accept, Authorization, Content-Type, If-Match, If-Modified-Since, If-None-Match, If-Unmodified-Since, Idempotency-Key, X-Pre-Auth-Context, X-Target-Region', 'Access-Control-Allow-Methods': 'GET, POST, PATCH, PUT, DELETE, OPTIONS', 'Access-Control-Expose-Headers': 'ETag, Twilio-Request-Id', 'Access-Control-Allow-Credentials': 'true', 'X-Shenanigans': 'none', 'X-Cache': 'Miss from cloudfront', 'Via': '1.1 6e91a4dbb2a5af5c14e92162f8d0f414.cloudfront.net (CloudFront)', 'X-Amz-Cf-Pop': 'JNB51-P2', 'X-Amz-Cf-Id': '9Y04BdZ9tkPbO_Xir1K6yA0rFXVQK8HImIjyKvf_y5BuS4juHIlhYg=='}
2025-04-24 06:58:35,332 | INFO | Sent WhatsApp message to whatsapp:+27834584385 for order URC1049: SMd091b586e9c5b2397767f49e5671fc25
2025-04-24 06:58:35,332 | INFO | -- BEGIN Twilio API Request --
2025-04-24 06:58:35,332 | INFO | POST Request: https://api.twilio.com/2010-04-01/Accounts/AC78528274fa496d197171ff628cadc23a/Messages.json
2025-04-24 06:58:35,332 | INFO | Headers:
2025-04-24 06:58:35,332 | INFO | Content-Type : application/x-www-form-urlencoded
2025-04-24 06:58:35,332 | INFO | Accept : application/json
2025-04-24 06:58:35,332 | INFO | User-Agent : twilio-python/9.5.2 (Darwin arm64) Python/3.13.3
2025-04-24 06:58:35,332 | INFO | X-Twilio-Client : python-9.5.2
2025-04-24 06:58:35,332 | INFO | Accept-Charset : utf-8
2025-04-24 06:58:35,332 | INFO | -- END Twilio API Request --
2025-04-24 06:58:35,775 | INFO | Response Status Code: 201
2025-04-24 06:58:35,775 | INFO | Response Headers: {'Content-Type': 'application/json;charset=utf-8', 'Content-Length': '861', 'Connection': 'keep-alive', 'Date': 'Thu, 24 Apr 2025 04:58:35 GMT', 'X-Powered-By': 'AT-5000', 'Twilio-Concurrent-Requests': '1', 'Twilio-Request-Id': 'RQ0fc57b7c244d65120ec2390caa191379', 'Twilio-Request-Duration': '0.092', 'X-Home-Region': 'us1', 'X-Api-Domain': 'api.twilio.com', 'Strict-Transport-Security': 'max-age=31536000', 'Access-Control-Allow-Origin': '*', 'Access-Control-Allow-Headers': 'Accept, Authorization, Content-Type, If-Match, If-Modified-Since, If-None-Match, If-Unmodified-Since, Idempotency-Key, X-Pre-Auth-Context, X-Target-Region', 'Access-Control-Allow-Methods': 'GET, POST, PATCH, PUT, DELETE, OPTIONS', 'Access-Control-Expose-Headers': 'ETag, Twilio-Request-Id', 'Access-Control-Allow-Credentials': 'true', 'X-Shenanigans': 'none', 'X-Cache': 'Miss from cloudfront', 'Via': '1.1 6e91a4dbb2a5af5c14e92162f8d0f414.cloudfront.net (CloudFront)', 'X-Amz-Cf-Pop': 'JNB51-P2', 'X-Amz-Cf-Id': 'VxV1_f-MPNZqdxUVktjpVhF3R1jMQW_M0DxFsn6cQpfXbCrnZ20XLw=='}
2025-04-24 06:58:35,775 | INFO | Sent WhatsApp message to whatsapp:+27834584385 for order URC1049: SM0fc57b7c244d65120ec2390caa191379
2025-04-24 06:58:35,775 | INFO | -- BEGIN Twilio API Request --
2025-04-24 06:58:35,775 | INFO | POST Request: https://api.twilio.com/2010-04-01/Accounts/AC78528274fa496d197171ff628cadc23a/Messages.json
2025-04-24 06:58:35,775 | INFO | Headers:
2025-04-24 06:58:35,775 | INFO | Content-Type : application/x-www-form-urlencoded
2025-04-24 06:58:35,775 | INFO | Accept : application/json
2025-04-24 06:58:35,775 | INFO | User-Agent : twilio-python/9.5.2 (Darwin arm64) Python/3.13.3
2025-04-24 06:58:35,775 | INFO | X-Twilio-Client : python-9.5.2
2025-04-24 06:58:35,775 | INFO | Accept-Charset : utf-8
2025-04-24 06:58:35,775 | INFO | -- END Twilio API Request --
2025-04-24 06:58:36,143 | INFO | Response Status Code: 201
2025-04-24 06:58:36,143 | INFO | Response Headers: {'Content-Type': 'application/json;charset=utf-8', 'Content-Length': '861', 'Connection': 'keep-alive', 'Date': 'Thu, 24 Apr 2025 04:58:36 GMT', 'X-Powered-By': 'AT-5000', 'Twilio-Concurrent-Requests': '1', 'Twilio-Request-Id': 'RQ8a0fe84f74951c6f452e66e3c60f6f06', 'Twilio-Request-Duration': '0.106', 'X-Home-Region': 'us1', 'X-Api-Domain': 'api.twilio.com', 'Strict-Transport-Security': 'max-age=31536000', 'Access-Control-Allow-Origin': '*', 'Access-Control-Allow-Headers': 'Accept, Authorization, Content-Type, If-Match, If-Modified-Since, If-None-Match, If-Unmodified-Since, Idempotency-Key, X-Pre-Auth-Context, X-Target-Region', 'Access-Control-Allow-Methods': 'GET, POST, PATCH, PUT, DELETE, OPTIONS', 'Access-Control-Expose-Headers': 'ETag, Twilio-Request-Id', 'Access-Control-Allow-Credentials': 'true', 'X-Shenanigans': 'none', 'X-Cache': 'Miss from cloudfront', 'Via': '1.1 6e91a4dbb2a5af5c14e92162f8d0f414.cloudfront.net (CloudFront)', 'X-Amz-Cf-Pop': 'JNB51-P2', 'X-Amz-Cf-Id': 'ck16yZhbmTdezgwz_vlYdMGvNNCmvWqkIXjvTs_KlsEob5F6bLqJvQ=='}
2025-04-24 06:58:36,143 | INFO | Sent WhatsApp message to whatsapp:+27834584385 for order URC1049: SM8a0fe84f74951c6f452e66e3c60f6f06
2025-04-24 06:58:36,143 | INFO | -- BEGIN Twilio API Request --
2025-04-24 06:58:36,143 | INFO | POST Request: https://api.twilio.com/2010-04-01/Accounts/AC78528274fa496d197171ff628cadc23a/Messages.json
2025-04-24 06:58:36,143 | INFO | Headers:
2025-04-24 06:58:36,143 | INFO | Content-Type : application/x-www-form-urlencoded
2025-04-24 06:58:36,143 | INFO | Accept : application/json
2025-04-24 06:58:36,143 | INFO | User-Agent : twilio-python/9.5.2 (Darwin arm64) Python/3.13.3
2025-04-24 06:58:36,143 | INFO | X-Twilio-Client : python-9.5.2
2025-04-24 06:58:36,143 | INFO | Accept-Charset : utf-8
2025-04-24 06:58:36,143 | INFO | -- END Twilio API Request --
2025-04-24 06:58:36,499 | INFO | Response Status Code: 201
2025-04-24 06:58:36,499 | INFO | Response Headers: {'Content-Type': 'application/json;charset=utf-8', 'Content-Length': '859', 'Connection': 'keep-alive', 'Date': 'Thu, 24 Apr 2025 04:58:36 GMT', 'X-Powered-By': 'AT-5000', 'Twilio-Concurrent-Requests': '1', 'Twilio-Request-Id': 'RQ34b30c3993132910b240fda432182c9e', 'Twilio-Request-Duration': '0.094', 'X-Home-Region': 'us1', 'X-Api-Domain': 'api.twilio.com', 'Strict-Transport-Security': 'max-age=31536000', 'Access-Control-Allow-Origin': '*', 'Access-Control-Allow-Headers': 'Accept, Authorization, Content-Type, If-Match, If-Modified-Since, If-None-Match, If-Unmodified-Since, Idempotency-Key, X-Pre-Auth-Context, X-Target-Region', 'Access-Control-Allow-Methods': 'GET, POST, PATCH, PUT, DELETE, OPTIONS', 'Access-Control-Expose-Headers': 'ETag, Twilio-Request-Id', 'Access-Control-Allow-Credentials': 'true', 'X-Shenanigans': 'none', 'X-Cache': 'Miss from cloudfront', 'Via': '1.1 6e91a4dbb2a5af5c14e92162f8d0f414.cloudfront.net (CloudFront)', 'X-Amz-Cf-Pop': 'JNB51-P2', 'X-Amz-Cf-Id': '7tRDAWlu5YbH1Tnq07ZhV00JHcR3HiTdQeYNFizVUNvo9zLZPq5Ilw=='}
2025-04-24 06:58:36,499 | INFO | Sent WhatsApp message to whatsapp:+275387206 for order URC1049: SM34b30c3993132910b240fda432182c9e
2025-04-24 06:58:36,499 | INFO | -- BEGIN Twilio API Request --
2025-04-24 06:58:36,499 | INFO | POST Request: https://api.twilio.com/2010-04-01/Accounts/AC78528274fa496d197171ff628cadc23a/Messages.json
2025-04-24 06:58:36,499 | INFO | Headers:
2025-04-24 06:58:36,499 | INFO | Content-Type : application/x-www-form-urlencoded
2025-04-24 06:58:36,499 | INFO | Accept : application/json
2025-04-24 06:58:36,499 | INFO | User-Agent : twilio-python/9.5.2 (Darwin arm64) Python/3.13.3
2025-04-24 06:58:36,499 | INFO | X-Twilio-Client : python-9.5.2
2025-04-24 06:58:36,499 | INFO | Accept-Charset : utf-8
2025-04-24 06:58:36,499 | INFO | -- END Twilio API Request --
2025-04-24 06:58:36,855 | INFO | Response Status Code: 201
2025-04-24 06:58:36,855 | INFO | Response Headers: {'Content-Type': 'application/json;charset=utf-8', 'Content-Length': '861', 'Connection': 'keep-alive', 'Date': 'Thu, 24 Apr 2025 04:58:36 GMT', 'X-Powered-By': 'AT-5000', 'Twilio-Concurrent-Requests': '1', 'Twilio-Request-Id': 'RQ9b8f9890d3967efca31c4b1e3fb8cb9f', 'Twilio-Request-Duration': '0.096', 'X-Home-Region': 'us1', 'X-Api-Domain': 'api.twilio.com', 'Strict-Transport-Security': 'max-age=31536000', 'Access-Control-Allow-Origin': '*', 'Access-Control-Allow-Headers': 'Accept, Authorization, Content-Type, If-Match, If-Modified-Since, If-None-Match, If-Unmodified-Since, Idempotency-Key, X-Pre-Auth-Context, X-Target-Region', 'Access-Control-Allow-Methods': 'GET, POST, PATCH, PUT, DELETE, OPTIONS', 'Access-Control-Expose-Headers': 'ETag, Twilio-Request-Id', 'Access-Control-Allow-Credentials': 'true', 'X-Shenanigans': 'none', 'X-Cache': 'Miss from cloudfront', 'Via': '1.1 6e91a4dbb2a5af5c14e92162f8d0f414.cloudfront.net (CloudFront)', 'X-Amz-Cf-Pop': 'JNB51-P2', 'X-Amz-Cf-Id': 'hDwZFZK6tbmEzztAUgH7POAPV6C_wOnfTffVgW-pKZYlREr3BWwaiw=='}
2025-04-24 06:58:36,855 | INFO | Sent WhatsApp message to whatsapp:+27729186702 for order URC1049: SM9b8f9890d3967efca31c4b1e3fb8cb9f
2025-04-24 06:58:36,855 | INFO | -- BEGIN Twilio API Request --
2025-04-24 06:58:36,855 | INFO | POST Request: https://api.twilio.com/2010-04-01/Accounts/AC78528274fa496d197171ff628cadc23a/Messages.json
2025-04-24 06:58:36,855 | INFO | Headers:
2025-04-24 06:58:36,855 | INFO | Content-Type : application/x-www-form-urlencoded
2025-04-24 06:58:36,855 | INFO | Accept : application/json
2025-04-24 06:58:36,855 | INFO | User-Agent : twilio-python/9.5.2 (Darwin arm64) Python/3.13.3
2025-04-24 06:58:36,855 | INFO | X-Twilio-Client : python-9.5.2
2025-04-24 06:58:36,855 | INFO | Accept-Charset : utf-8
2025-04-24 06:58:36,855 | INFO | -- END Twilio API Request --
2025-04-24 06:58:37,198 | INFO | Response Status Code: 201
2025-04-24 06:58:37,198 | INFO | Response Headers: {'Content-Type': 'application/json;charset=utf-8', 'Content-Length': '861', 'Connection': 'keep-alive', 'Date': 'Thu, 24 Apr 2025 04:58:37 GMT', 'X-Powered-By': 'AT-5000', 'Twilio-Concurrent-Requests': '1', 'Twilio-Request-Id': 'RQ72a6aa7400f3678752aeeb6ffb3d74e3', 'Twilio-Request-Duration': '0.082', 'X-Home-Region': 'us1', 'X-Api-Domain': 'api.twilio.com', 'Strict-Transport-Security': 'max-age=31536000', 'Access-Control-Allow-Origin': '*', 'Access-Control-Allow-Headers': 'Accept, Authorization, Content-Type, If-Match, If-Modified-Since, If-None-Match, If-Unmodified-Since, Idempotency-Key, X-Pre-Auth-Context, X-Target-Region', 'Access-Control-Allow-Methods': 'GET, POST, PATCH, PUT, DELETE, OPTIONS', 'Access-Control-Expose-Headers': 'ETag, Twilio-Request-Id', 'Access-Control-Allow-Credentials': 'true', 'X-Shenanigans': 'none', 'X-Cache': 'Miss from cloudfront', 'Via': '1.1 6e91a4dbb2a5af5c14e92162f8d0f414.cloudfront.net (CloudFront)', 'X-Amz-Cf-Pop': 'JNB51-P2', 'X-Amz-Cf-Id': 'R78m38Jw04UZ3t_sw5-Z4fAEjGvW46tqh_ZmpOcveFxqGKnV1FdgoA=='}
2025-04-24 06:58:37,198 | INFO | Sent WhatsApp message to whatsapp:+27828249479 for order URC1049: SM72a6aa7400f3678752aeeb6ffb3d74e3
2025-04-24 07:08:25,034 | INFO | ✅ Database initialized successfully.
2025-04-24 07:08:29,799 | INFO | ✅ Database initialized successfully.
2025-04-24 07:11:06,732 | INFO | ✅ Database initialized successfully.
2025-04-24 07:11:11,199 | INFO | ✅ Database initialized successfully.
2025-04-24 07:11:59,473 | INFO | -- BEGIN Twilio API Request --
2025-04-24 07:11:59,473 | INFO | POST Request: https://api.twilio.com/2010-04-01/Accounts/AC78528274fa496d197171ff628cadc23a/Messages.json
2025-04-24 07:11:59,474 | INFO | Headers:
2025-04-24 07:11:59,474 | INFO | Content-Type : application/x-www-form-urlencoded
2025-04-24 07:11:59,474 | INFO | Accept : application/json
2025-04-24 07:11:59,474 | INFO | User-Agent : twilio-python/9.5.2 (Darwin arm64) Python/3.13.3
2025-04-24 07:11:59,474 | INFO | X-Twilio-Client : python-9.5.2
2025-04-24 07:11:59,474 | INFO | Accept-Charset : utf-8
2025-04-24 07:11:59,474 | INFO | -- END Twilio API Request --
2025-04-24 07:11:59,885 | INFO | Response Status Code: 201
2025-04-24 07:11:59,885 | INFO | Response Headers: {'Content-Type': 'application/json;charset=utf-8', 'Content-Length': '860', 'Connection': 'keep-alive', 'Date': 'Thu, 24 Apr 2025 05:11:59 GMT', 'X-Powered-By': 'AT-5000', 'Twilio-Concurrent-Requests': '1', 'Twilio-Request-Id': 'RQa267e664fdc6b063a0f34fb27237fdfb', 'Twilio-Request-Duration': '0.113', 'X-Home-Region': 'us1', 'X-Api-Domain': 'api.twilio.com', 'Strict-Transport-Security': 'max-age=31536000', 'Access-Control-Allow-Origin': '*', 'Access-Control-Allow-Headers': 'Accept, Authorization, Content-Type, If-Match, If-Modified-Since, If-None-Match, If-Unmodified-Since, Idempotency-Key, X-Pre-Auth-Context, X-Target-Region', 'Access-Control-Allow-Methods': 'GET, POST, PATCH, PUT, DELETE, OPTIONS', 'Access-Control-Expose-Headers': 'ETag, Twilio-Request-Id', 'Access-Control-Allow-Credentials': 'true', 'X-Shenanigans': 'none', 'X-Cache': 'Miss from cloudfront', 'Via': '1.1 bc7d732734ef147ce1fc1f891ed59b4e.cloudfront.net (CloudFront)', 'X-Amz-Cf-Pop': 'JNB51-P2', 'X-Amz-Cf-Id': 'rreGB0izpn0AMMdB7T7moARMNZamP4E7nhvlaz5COH0pRnm4kQNWkQ=='}
2025-04-24 07:11:59,885 | INFO | Sent WhatsApp message to whatsapp:+27645139217 for order URC1051: SMa267e664fdc6b063a0f34fb27237fdfb
2025-04-24 07:11:59,886 | INFO | -- BEGIN Twilio API Request --
2025-04-24 07:11:59,886 | INFO | POST Request: https://api.twilio.com/2010-04-01/Accounts/AC78528274fa496d197171ff628cadc23a/Messages.json
2025-04-24 07:11:59,886 | INFO | Headers:
2025-04-24 07:11:59,886 | INFO | Content-Type : application/x-www-form-urlencoded
2025-04-24 07:11:59,886 | INFO | Accept : application/json
2025-04-24 07:11:59,886 | INFO | User-Agent : twilio-python/9.5.2 (Darwin arm64) Python/3.13.3
2025-04-24 07:11:59,886 | INFO | X-Twilio-Client : python-9.5.2
2025-04-24 07:11:59,886 | INFO | Accept-Charset : utf-8
2025-04-24 07:11:59,886 | INFO | -- END Twilio API Request --
2025-04-24 07:12:00,249 | INFO | Response Status Code: 201
2025-04-24 07:12:00,249 | INFO | Response Headers: {'Content-Type': 'application/json;charset=utf-8', 'Content-Length': '860', 'Connection': 'keep-alive', 'Date': 'Thu, 24 Apr 2025 05:12:00 GMT', 'X-Powered-By': 'AT-5000', 'Twilio-Concurrent-Requests': '1', 'Twilio-Request-Id': 'RQa51f30ea4751c304b090120f078f307f', 'Twilio-Request-Duration': '0.100', 'X-Home-Region': 'us1', 'X-Api-Domain': 'api.twilio.com', 'Strict-Transport-Security': 'max-age=31536000', 'Access-Control-Allow-Origin': '*', 'Access-Control-Allow-Headers': 'Accept, Authorization, Content-Type, If-Match, If-Modified-Since, If-None-Match, If-Unmodified-Since, Idempotency-Key, X-Pre-Auth-Context, X-Target-Region', 'Access-Control-Allow-Methods': 'GET, POST, PATCH, PUT, DELETE, OPTIONS', 'Access-Control-Expose-Headers': 'ETag, Twilio-Request-Id', 'Access-Control-Allow-Credentials': 'true', 'X-Shenanigans': 'none', 'X-Cache': 'Miss from cloudfront', 'Via': '1.1 bc7d732734ef147ce1fc1f891ed59b4e.cloudfront.net (CloudFront)', 'X-Amz-Cf-Pop': 'JNB51-P2', 'X-Amz-Cf-Id': 'hWdXdAo49NYzJCXWuWCJDaEb8eDWVi2qiwa1zeVxMqOELsMNDX55Bw=='}
2025-04-24 07:12:00,250 | INFO | Sent WhatsApp message to whatsapp:+27834584385 for order URC1051: SMa51f30ea4751c304b090120f078f307f
2025-04-24 07:12:00,250 | INFO | -- BEGIN Twilio API Request --
2025-04-24 07:12:00,250 | INFO | POST Request: https://api.twilio.com/2010-04-01/Accounts/AC78528274fa496d197171ff628cadc23a/Messages.json
2025-04-24 07:12:00,250 | INFO | Headers:
2025-04-24 07:12:00,250 | INFO | Content-Type : application/x-www-form-urlencoded
2025-04-24 07:12:00,250 | INFO | Accept : application/json
2025-04-24 07:12:00,250 | INFO | User-Agent : twilio-python/9.5.2 (Darwin arm64) Python/3.13.3
2025-04-24 07:12:00,250 | INFO | X-Twilio-Client : python-9.5.2
2025-04-24 07:12:00,250 | INFO | Accept-Charset : utf-8
2025-04-24 07:12:00,250 | INFO | -- END Twilio API Request --
2025-04-24 07:12:00,608 | INFO | Response Status Code: 201
2025-04-24 07:12:00,608 | INFO | Response Headers: {'Content-Type': 'application/json;charset=utf-8', 'Content-Length': '860', 'Connection': 'keep-alive', 'Date': 'Thu, 24 Apr 2025 05:12:00 GMT', 'X-Powered-By': 'AT-5000', 'Twilio-Concurrent-Requests': '1', 'Twilio-Request-Id': 'RQ3f04f9d00a90c5c2f78f50c69955993f', 'Twilio-Request-Duration': '0.095', 'X-Home-Region': 'us1', 'X-Api-Domain': 'api.twilio.com', 'Strict-Transport-Security': 'max-age=31536000', 'Access-Control-Allow-Origin': '*', 'Access-Control-Allow-Headers': 'Accept, Authorization, Content-Type, If-Match, If-Modified-Since, If-None-Match, If-Unmodified-Since, Idempotency-Key, X-Pre-Auth-Context, X-Target-Region', 'Access-Control-Allow-Methods': 'GET, POST, PATCH, PUT, DELETE, OPTIONS', 'Access-Control-Expose-Headers': 'ETag, Twilio-Request-Id', 'Access-Control-Allow-Credentials': 'true', 'X-Shenanigans': 'none', 'X-Cache': 'Miss from cloudfront', 'Via': '1.1 bc7d732734ef147ce1fc1f891ed59b4e.cloudfront.net (CloudFront)', 'X-Amz-Cf-Pop': 'JNB51-P2', 'X-Amz-Cf-Id': 'T2UzlyjLriFCxNXNt8P0mA_0BR6nlcS8cxrgopt2G8jvi3Hhxxo-VQ=='}
2025-04-24 07:12:00,608 | INFO | Sent WhatsApp message to whatsapp:+27834584385 for order URC1051: SM3f04f9d00a90c5c2f78f50c69955993f
2025-04-24 07:12:00,609 | INFO | -- BEGIN Twilio API Request --
2025-04-24 07:12:00,609 | INFO | POST Request: https://api.twilio.com/2010-04-01/Accounts/AC78528274fa496d197171ff628cadc23a/Messages.json
2025-04-24 07:12:00,609 | INFO | Headers:
2025-04-24 07:12:00,609 | INFO | Content-Type : application/x-www-form-urlencoded
2025-04-24 07:12:00,609 | INFO | Accept : application/json
2025-04-24 07:12:00,609 | INFO | User-Agent : twilio-python/9.5.2 (Darwin arm64) Python/3.13.3
2025-04-24 07:12:00,609 | INFO | X-Twilio-Client : python-9.5.2
2025-04-24 07:12:00,609 | INFO | Accept-Charset : utf-8
2025-04-24 07:12:00,609 | INFO | -- END Twilio API Request --
2025-04-24 07:12:00,960 | INFO | Response Status Code: 201
2025-04-24 07:12:00,960 | INFO | Response Headers: {'Content-Type': 'application/json;charset=utf-8', 'Content-Length': '860', 'Connection': 'keep-alive', 'Date': 'Thu, 24 Apr 2025 05:12:00 GMT', 'X-Powered-By': 'AT-5000', 'Twilio-Concurrent-Requests': '1', 'Twilio-Request-Id': 'RQ4e1334aefc96837865aa877fbf8e997c', 'Twilio-Request-Duration': '0.088', 'X-Home-Region': 'us1', 'X-Api-Domain': 'api.twilio.com', 'Strict-Transport-Security': 'max-age=31536000', 'Access-Control-Allow-Origin': '*', 'Access-Control-Allow-Headers': 'Accept, Authorization, Content-Type, If-Match, If-Modified-Since, If-None-Match, If-Unmodified-Since, Idempotency-Key, X-Pre-Auth-Context, X-Target-Region', 'Access-Control-Allow-Methods': 'GET, POST, PATCH, PUT, DELETE, OPTIONS', 'Access-Control-Expose-Headers': 'ETag, Twilio-Request-Id', 'Access-Control-Allow-Credentials': 'true', 'X-Shenanigans': 'none', 'X-Cache': 'Miss from cloudfront', 'Via': '1.1 bc7d732734ef147ce1fc1f891ed59b4e.cloudfront.net (CloudFront)', 'X-Amz-Cf-Pop': 'JNB51-P2', 'X-Amz-Cf-Id': 'JIxonITGaJl4_ShRWyKJUhWOta6mAxJx91RDWidKWnJ01BEZ2Xfiog=='}
2025-04-24 07:12:00,960 | INFO | Sent WhatsApp message to whatsapp:+27834584385 for order URC1051: SM4e1334aefc96837865aa877fbf8e997c
2025-04-24 07:12:00,960 | INFO | -- BEGIN Twilio API Request --
2025-04-24 07:12:00,960 | INFO | POST Request: https://api.twilio.com/2010-04-01/Accounts/AC78528274fa496d197171ff628cadc23a/Messages.json
2025-04-24 07:12:00,960 | INFO | Headers:
2025-04-24 07:12:00,960 | INFO | Content-Type : application/x-www-form-urlencoded
2025-04-24 07:12:00,960 | INFO | Accept : application/json
2025-04-24 07:12:00,960 | INFO | User-Agent : twilio-python/9.5.2 (Darwin arm64) Python/3.13.3
2025-04-24 07:12:00,960 | INFO | X-Twilio-Client : python-9.5.2
2025-04-24 07:12:00,960 | INFO | Accept-Charset : utf-8
2025-04-24 07:12:00,960 | INFO | -- END Twilio API Request --
2025-04-24 07:12:01,317 | INFO | Response Status Code: 201
2025-04-24 07:12:01,317 | INFO | Response Headers: {'Content-Type': 'application/json;charset=utf-8', 'Content-Length': '858', 'Connection': 'keep-alive', 'Date': 'Thu, 24 Apr 2025 05:12:01 GMT', 'X-Powered-By': 'AT-5000', 'Twilio-Concurrent-Requests': '1', 'Twilio-Request-Id': 'RQa527007ce255cd62659505e0487dd963', 'Twilio-Request-Duration': '0.096', 'X-Home-Region': 'us1', 'X-Api-Domain': 'api.twilio.com', 'Strict-Transport-Security': 'max-age=31536000', 'Access-Control-Allow-Origin': '*', 'Access-Control-Allow-Headers': 'Accept, Authorization, Content-Type, If-Match, If-Modified-Since, If-None-Match, If-Unmodified-Since, Idempotency-Key, X-Pre-Auth-Context, X-Target-Region', 'Access-Control-Allow-Methods': 'GET, POST, PATCH, PUT, DELETE, OPTIONS', 'Access-Control-Expose-Headers': 'ETag, Twilio-Request-Id', 'Access-Control-Allow-Credentials': 'true', 'X-Shenanigans': 'none', 'X-Cache': 'Miss from cloudfront', 'Via': '1.1 bc7d732734ef147ce1fc1f891ed59b4e.cloudfront.net (CloudFront)', 'X-Amz-Cf-Pop': 'JNB51-P2', 'X-Amz-Cf-Id': 'ceiWc1_qqldinO4abUGSmGqdN6tJOcLi9Izpu3tD2u4QTSiNtSoHvg=='}
2025-04-24 07:12:01,317 | INFO | Sent WhatsApp message to whatsapp:+275387206 for order URC1051: SMa527007ce255cd62659505e0487dd963
2025-04-24 07:12:01,317 | INFO | -- BEGIN Twilio API Request --
2025-04-24 07:12:01,317 | INFO | POST Request: https://api.twilio.com/2010-04-01/Accounts/AC78528274fa496d197171ff628cadc23a/Messages.json
2025-04-24 07:12:01,317 | INFO | Headers:
2025-04-24 07:12:01,317 | INFO | Content-Type : application/x-www-form-urlencoded
2025-04-24 07:12:01,317 | INFO | Accept : application/json
2025-04-24 07:12:01,317 | INFO | User-Agent : twilio-python/9.5.2 (Darwin arm64) Python/3.13.3
2025-04-24 07:12:01,317 | INFO | X-Twilio-Client : python-9.5.2
2025-04-24 07:12:01,317 | INFO | Accept-Charset : utf-8
2025-04-24 07:12:01,317 | INFO | -- END Twilio API Request --
2025-04-24 07:12:01,791 | INFO | Response Status Code: 201
2025-04-24 07:12:01,791 | INFO | Response Headers: {'Content-Type': 'application/json;charset=utf-8', 'Content-Length': '860', 'Connection': 'keep-alive', 'Date': 'Thu, 24 Apr 2025 05:12:01 GMT', 'X-Powered-By': 'AT-5000', 'Twilio-Concurrent-Requests': '1', 'Twilio-Request-Id': 'RQ951634eeb37fbaf5c392fb15acf16b5b', 'Twilio-Request-Duration': '0.108', 'X-Home-Region': 'us1', 'X-Api-Domain': 'api.twilio.com', 'Strict-Transport-Security': 'max-age=31536000', 'Access-Control-Allow-Origin': '*', 'Access-Control-Allow-Headers': 'Accept, Authorization, Content-Type, If-Match, If-Modified-Since, If-None-Match, If-Unmodified-Since, Idempotency-Key, X-Pre-Auth-Context, X-Target-Region', 'Access-Control-Allow-Methods': 'GET, POST, PATCH, PUT, DELETE, OPTIONS', 'Access-Control-Expose-Headers': 'ETag, Twilio-Request-Id', 'Access-Control-Allow-Credentials': 'true', 'X-Shenanigans': 'none', 'X-Cache': 'Miss from cloudfront', 'Via': '1.1 bc7d732734ef147ce1fc1f891ed59b4e.cloudfront.net (CloudFront)', 'X-Amz-Cf-Pop': 'JNB51-P2', 'X-Amz-Cf-Id': 'RztYXuw5RFLgdgzcVUVWZAwxGyWM_XXg1yasjJAAV-__1he76IIy_Q=='}
2025-04-24 07:12:01,791 | INFO | Sent WhatsApp message to whatsapp:+27729186702 for order URC1051: SM951634eeb37fbaf5c392fb15acf16b5b
2025-04-24 07:12:01,792 | INFO | -- BEGIN Twilio API Request --
2025-04-24 07:12:01,792 | INFO | POST Request: https://api.twilio.com/2010-04-01/Accounts/AC78528274fa496d197171ff628cadc23a/Messages.json
2025-04-24 07:12:01,793 | INFO | Headers:
2025-04-24 07:12:01,793 | INFO | Content-Type : application/x-www-form-urlencoded
2025-04-24 07:12:01,793 | INFO | Accept : application/json
2025-04-24 07:12:01,793 | INFO | User-Agent : twilio-python/9.5.2 (Darwin arm64) Python/3.13.3
2025-04-24 07:12:01,793 | INFO | X-Twilio-Client : python-9.5.2
2025-04-24 07:12:01,793 | INFO | Accept-Charset : utf-8
2025-04-24 07:12:01,793 | INFO | -- END Twilio API Request --
2025-04-24 07:12:02,201 | INFO | Response Status Code: 201
2025-04-24 07:12:02,202 | INFO | Response Headers: {'Content-Type': 'application/json;charset=utf-8', 'Content-Length': '860', 'Connection': 'keep-alive', 'Date': 'Thu, 24 Apr 2025 05:12:02 GMT', 'X-Powered-By': 'AT-5000', 'Twilio-Concurrent-Requests': '1', 'Twilio-Request-Id': 'RQad0fe81728d68cdf2fc7c67f6812f7a1', 'Twilio-Request-Duration': '0.089', 'X-Home-Region': 'us1', 'X-Api-Domain': 'api.twilio.com', 'Strict-Transport-Security': 'max-age=31536000', 'Access-Control-Allow-Origin': '*', 'Access-Control-Allow-Headers': 'Accept, Authorization, Content-Type, If-Match, If-Modified-Since, If-None-Match, If-Unmodified-Since, Idempotency-Key, X-Pre-Auth-Context, X-Target-Region', 'Access-Control-Allow-Methods': 'GET, POST, PATCH, PUT, DELETE, OPTIONS', 'Access-Control-Expose-Headers': 'ETag, Twilio-Request-Id', 'Access-Control-Allow-Credentials': 'true', 'X-Shenanigans': 'none', 'X-Cache': 'Miss from cloudfront', 'Via': '1.1 bc7d732734ef147ce1fc1f891ed59b4e.cloudfront.net (CloudFront)', 'X-Amz-Cf-Pop': 'JNB51-P2', 'X-Amz-Cf-Id': 'TzmbGSQ3rRbio9Yag_UDzc3S5tr479WUkt2QC-PBHWxIm_DapLOJuQ=='}
2025-04-24 07:12:02,202 | INFO | Sent WhatsApp message to whatsapp:+27828249479 for order URC1051: SMad0fe81728d68cdf2fc7c67f6812f7a1
2025-04-24 07:25:41,707 | INFO | ✅ Database initialized successfully.
2025-04-24 07:25:56,550 | INFO | ✅ Database initialized successfully.
2025-04-24 07:27:11,009 | INFO | -- BEGIN Twilio API Request --
2025-04-24 07:27:11,009 | INFO | POST Request: https://api.twilio.com/2010-04-01/Accounts/AC78528274fa496d197171ff628cadc23a/Messages.json
2025-04-24 07:27:11,009 | INFO | Headers:
2025-04-24 07:27:11,009 | INFO | Content-Type : application/x-www-form-urlencoded
2025-04-24 07:27:11,009 | INFO | Accept : application/json
2025-04-24 07:27:11,009 | INFO | User-Agent : twilio-python/9.5.2 (Darwin arm64) Python/3.13.3
2025-04-24 07:27:11,009 | INFO | X-Twilio-Client : python-9.5.2
2025-04-24 07:27:11,009 | INFO | Accept-Charset : utf-8
2025-04-24 07:27:11,009 | INFO | -- END Twilio API Request --
2025-04-24 07:27:11,520 | INFO | Response Status Code: 201
2025-04-24 07:27:11,520 | INFO | Response Headers: {'Content-Type': 'application/json;charset=utf-8', 'Content-Length': '860', 'Connection': 'keep-alive', 'Date': 'Thu, 24 Apr 2025 05:27:11 GMT', 'X-Powered-By': 'AT-5000', 'Twilio-Concurrent-Requests': '1', 'Twilio-Request-Id': 'RQ90425ef567ef83d07bfabc31a56fe233', 'Twilio-Request-Duration': '0.107', 'X-Home-Region': 'us1', 'X-Api-Domain': 'api.twilio.com', 'Strict-Transport-Security': 'max-age=31536000', 'Access-Control-Allow-Origin': '*', 'Access-Control-Allow-Headers': 'Accept, Authorization, Content-Type, If-Match, If-Modified-Since, If-None-Match, If-Unmodified-Since, Idempotency-Key, X-Pre-Auth-Context, X-Target-Region', 'Access-Control-Allow-Methods': 'GET, POST, PATCH, PUT, DELETE, OPTIONS', 'Access-Control-Expose-Headers': 'ETag, Twilio-Request-Id', 'Access-Control-Allow-Credentials': 'true', 'X-Shenanigans': 'none', 'X-Cache': 'Miss from cloudfront', 'Via': '1.1 c4809662226af2602188548ec60364e4.cloudfront.net (CloudFront)', 'X-Amz-Cf-Pop': 'JNB51-P2', 'X-Amz-Cf-Id': 'hAJmrpl5a9Me11ppnK48EJmyt7zlhAXJpahFJdnAJa5WlVUveGuZhQ=='}
2025-04-24 07:27:11,520 | INFO | Sent WhatsApp message to whatsapp:+27645139217 for order URC1053: SM90425ef567ef83d07bfabc31a56fe233
2025-04-24 07:27:11,522 | INFO | -- BEGIN Twilio API Request --
2025-04-24 07:27:11,522 | INFO | POST Request: https://api.twilio.com/2010-04-01/Accounts/AC78528274fa496d197171ff628cadc23a/Messages.json
2025-04-24 07:27:11,522 | INFO | Headers:
2025-04-24 07:27:11,522 | INFO | Content-Type : application/x-www-form-urlencoded
2025-04-24 07:27:11,522 | INFO | Accept : application/json
2025-04-24 07:27:11,522 | INFO | User-Agent : twilio-python/9.5.2 (Darwin arm64) Python/3.13.3
2025-04-24 07:27:11,522 | INFO | X-Twilio-Client : python-9.5.2
2025-04-24 07:27:11,522 | INFO | Accept-Charset : utf-8
2025-04-24 07:27:11,522 | INFO | -- END Twilio API Request --
2025-04-24 07:27:11,931 | INFO | Response Status Code: 201
2025-04-24 07:27:11,931 | INFO | Response Headers: {'Content-Type': 'application/json;charset=utf-8', 'Content-Length': '860', 'Connection': 'keep-alive', 'Date': 'Thu, 24 Apr 2025 05:27:11 GMT', 'X-Powered-By': 'AT-5000', 'Twilio-Concurrent-Requests': '1', 'Twilio-Request-Id': 'RQ8bc6ca9425a735c3bd2fdd541623246d', 'Twilio-Request-Duration': '0.088', 'X-Home-Region': 'us1', 'X-Api-Domain': 'api.twilio.com', 'Strict-Transport-Security': 'max-age=31536000', 'Access-Control-Allow-Origin': '*', 'Access-Control-Allow-Headers': 'Accept, Authorization, Content-Type, If-Match, If-Modified-Since, If-None-Match, If-Unmodified-Since, Idempotency-Key, X-Pre-Auth-Context, X-Target-Region', 'Access-Control-Allow-Methods': 'GET, POST, PATCH, PUT, DELETE, OPTIONS', 'Access-Control-Expose-Headers': 'ETag, Twilio-Request-Id', 'Access-Control-Allow-Credentials': 'true', 'X-Shenanigans': 'none', 'X-Cache': 'Miss from cloudfront', 'Via': '1.1 c4809662226af2602188548ec60364e4.cloudfront.net (CloudFront)', 'X-Amz-Cf-Pop': 'JNB51-P2', 'X-Amz-Cf-Id': 'OA9KCFaWg13YpNGrSzwngQxlZfoBcolLHLjRypeQHAOoR3VtAo31Pg=='}
2025-04-24 07:27:11,931 | INFO | Sent WhatsApp message to whatsapp:+27834584385 for order URC1053: SM8bc6ca9425a735c3bd2fdd541623246d
2025-04-24 07:27:11,931 | INFO | -- BEGIN Twilio API Request --
2025-04-24 07:27:11,932 | INFO | POST Request: https://api.twilio.com/2010-04-01/Accounts/AC78528274fa496d197171ff628cadc23a/Messages.json
2025-04-24 07:27:11,932 | INFO | Headers:
2025-04-24 07:27:11,932 | INFO | Content-Type : application/x-www-form-urlencoded
2025-04-24 07:27:11,932 | INFO | Accept : application/json
2025-04-24 07:27:11,932 | INFO | User-Agent : twilio-python/9.5.2 (Darwin arm64) Python/3.13.3
2025-04-24 07:27:11,932 | INFO | X-Twilio-Client : python-9.5.2
2025-04-24 07:27:11,932 | INFO | Accept-Charset : utf-8
2025-04-24 07:27:11,932 | INFO | -- END Twilio API Request --
2025-04-24 07:27:12,292 | INFO | Response Status Code: 201
2025-04-24 07:27:12,292 | INFO | Response Headers: {'Content-Type': 'application/json;charset=utf-8', 'Content-Length': '860', 'Connection': 'keep-alive', 'Date': 'Thu, 24 Apr 2025 05:27:12 GMT', 'X-Powered-By': 'AT-5000', 'Twilio-Concurrent-Requests': '1', 'Twilio-Request-Id': 'RQ562dfb279059883f9c294d2e8f2c624e', 'Twilio-Request-Duration': '0.099', 'X-Home-Region': 'us1', 'X-Api-Domain': 'api.twilio.com', 'Strict-Transport-Security': 'max-age=31536000', 'Access-Control-Allow-Origin': '*', 'Access-Control-Allow-Headers': 'Accept, Authorization, Content-Type, If-Match, If-Modified-Since, If-None-Match, If-Unmodified-Since, Idempotency-Key, X-Pre-Auth-Context, X-Target-Region', 'Access-Control-Allow-Methods': 'GET, POST, PATCH, PUT, DELETE, OPTIONS', 'Access-Control-Expose-Headers': 'ETag, Twilio-Request-Id', 'Access-Control-Allow-Credentials': 'true', 'X-Shenanigans': 'none', 'X-Cache': 'Miss from cloudfront', 'Via': '1.1 c4809662226af2602188548ec60364e4.cloudfront.net (CloudFront)', 'X-Amz-Cf-Pop': 'JNB51-P2', 'X-Amz-Cf-Id': 'jSYOAq9UBUKlHt2stny6l0-X99SkQL8nTfzW2Ajz1ldn5W5IaK7GiQ=='}
2025-04-24 07:27:12,293 | INFO | Sent WhatsApp message to whatsapp:+27834584385 for order URC1053: SM562dfb279059883f9c294d2e8f2c624e
2025-04-24 07:27:12,293 | INFO | -- BEGIN Twilio API Request --
2025-04-24 07:27:12,293 | INFO | POST Request: https://api.twilio.com/2010-04-01/Accounts/AC78528274fa496d197171ff628cadc23a/Messages.json
2025-04-24 07:27:12,293 | INFO | Headers:
2025-04-24 07:27:12,293 | INFO | Content-Type : application/x-www-form-urlencoded
2025-04-24 07:27:12,293 | INFO | Accept : application/json
2025-04-24 07:27:12,293 | INFO | User-Agent : twilio-python/9.5.2 (Darwin arm64) Python/3.13.3
2025-04-24 07:27:12,293 | INFO | X-Twilio-Client : python-9.5.2
2025-04-24 07:27:12,293 | INFO | Accept-Charset : utf-8
2025-04-24 07:27:12,293 | INFO | -- END Twilio API Request --
2025-04-24 07:27:12,647 | INFO | Response Status Code: 201
2025-04-24 07:27:12,647 | INFO | Response Headers: {'Content-Type': 'application/json;charset=utf-8', 'Content-Length': '860', 'Connection': 'keep-alive', 'Date': 'Thu, 24 Apr 2025 05:27:12 GMT', 'X-Powered-By': 'AT-5000', 'Twilio-Concurrent-Requests': '1', 'Twilio-Request-Id': 'RQ8d8d4375e961deb2cfbae9db674063ec', 'Twilio-Request-Duration': '0.092', 'X-Home-Region': 'us1', 'X-Api-Domain': 'api.twilio.com', 'Strict-Transport-Security': 'max-age=31536000', 'Access-Control-Allow-Origin': '*', 'Access-Control-Allow-Headers': 'Accept, Authorization, Content-Type, If-Match, If-Modified-Since, If-None-Match, If-Unmodified-Since, Idempotency-Key, X-Pre-Auth-Context, X-Target-Region', 'Access-Control-Allow-Methods': 'GET, POST, PATCH, PUT, DELETE, OPTIONS', 'Access-Control-Expose-Headers': 'ETag, Twilio-Request-Id', 'Access-Control-Allow-Credentials': 'true', 'X-Shenanigans': 'none', 'X-Cache': 'Miss from cloudfront', 'Via': '1.1 c4809662226af2602188548ec60364e4.cloudfront.net (CloudFront)', 'X-Amz-Cf-Pop': 'JNB51-P2', 'X-Amz-Cf-Id': 'eKG16ZUvgt5e0eFcuZv8wDakeEBRyuH0xC1cYYP7I7e6gAYJlmIcFw=='}
2025-04-24 07:27:12,647 | INFO | Sent WhatsApp message to whatsapp:+27834584385 for order URC1053: SM8d8d4375e961deb2cfbae9db674063ec
2025-04-24 07:27:12,648 | INFO | -- BEGIN Twilio API Request --
2025-04-24 07:27:12,648 | INFO | POST Request: https://api.twilio.com/2010-04-01/Accounts/AC78528274fa496d197171ff628cadc23a/Messages.json
2025-04-24 07:27:12,648 | INFO | Headers:
2025-04-24 07:27:12,648 | INFO | Content-Type : application/x-www-form-urlencoded
2025-04-24 07:27:12,648 | INFO | Accept : application/json
2025-04-24 07:27:12,648 | INFO | User-Agent : twilio-python/9.5.2 (Darwin arm64) Python/3.13.3
2025-04-24 07:27:12,648 | INFO | X-Twilio-Client : python-9.5.2
2025-04-24 07:27:12,648 | INFO | Accept-Charset : utf-8
2025-04-24 07:27:12,648 | INFO | -- END Twilio API Request --
2025-04-24 07:27:13,001 | INFO | Response Status Code: 201
2025-04-24 07:27:13,001 | INFO | Response Headers: {'Content-Type': 'application/json;charset=utf-8', 'Content-Length': '858', 'Connection': 'keep-alive', 'Date': 'Thu, 24 Apr 2025 05:27:13 GMT', 'X-Powered-By': 'AT-5000', 'Twilio-Concurrent-Requests': '1', 'Twilio-Request-Id': 'RQb8fa7d361089a635e45f2b3d182c1012', 'Twilio-Request-Duration': '0.093', 'X-Home-Region': 'us1', 'X-Api-Domain': 'api.twilio.com', 'Strict-Transport-Security': 'max-age=31536000', 'Access-Control-Allow-Origin': '*', 'Access-Control-Allow-Headers': 'Accept, Authorization, Content-Type, If-Match, If-Modified-Since, If-None-Match, If-Unmodified-Since, Idempotency-Key, X-Pre-Auth-Context, X-Target-Region', 'Access-Control-Allow-Methods': 'GET, POST, PATCH, PUT, DELETE, OPTIONS', 'Access-Control-Expose-Headers': 'ETag, Twilio-Request-Id', 'Access-Control-Allow-Credentials': 'true', 'X-Shenanigans': 'none', 'X-Cache': 'Miss from cloudfront', 'Via': '1.1 c4809662226af2602188548ec60364e4.cloudfront.net (CloudFront)', 'X-Amz-Cf-Pop': 'JNB51-P2', 'X-Amz-Cf-Id': 'NR1Kvnlb1rY32EQLFrTmcYQ86ixLc2GCjdDfbRB9SP5Ag-uQaFx-pA=='}
2025-04-24 07:27:13,001 | INFO | Sent WhatsApp message to whatsapp:+275387206 for order URC1053: SMb8fa7d361089a635e45f2b3d182c1012
2025-04-24 07:27:13,001 | INFO | -- BEGIN Twilio API Request --
2025-04-24 07:27:13,001 | INFO | POST Request: https://api.twilio.com/2010-04-01/Accounts/AC78528274fa496d197171ff628cadc23a/Messages.json
2025-04-24 07:27:13,001 | INFO | Headers:
2025-04-24 07:27:13,001 | INFO | Content-Type : application/x-www-form-urlencoded
2025-04-24 07:27:13,001 | INFO | Accept : application/json
2025-04-24 07:27:13,001 | INFO | User-Agent : twilio-python/9.5.2 (Darwin arm64) Python/3.13.3
2025-04-24 07:27:13,001 | INFO | X-Twilio-Client : python-9.5.2
2025-04-24 07:27:13,001 | INFO | Accept-Charset : utf-8
2025-04-24 07:27:13,001 | INFO | -- END Twilio API Request --
2025-04-24 07:27:13,472 | INFO | Response Status Code: 201
2025-04-24 07:27:13,473 | INFO | Response Headers: {'Content-Type': 'application/json;charset=utf-8', 'Content-Length': '860', 'Connection': 'keep-alive', 'Date': 'Thu, 24 Apr 2025 05:27:13 GMT', 'X-Powered-By': 'AT-5000', 'Twilio-Concurrent-Requests': '1', 'Twilio-Request-Id': 'RQ1f1e61b6b3b88ebc79386d095c925383', 'Twilio-Request-Duration': '0.113', 'X-Home-Region': 'us1', 'X-Api-Domain': 'api.twilio.com', 'Strict-Transport-Security': 'max-age=31536000', 'Access-Control-Allow-Origin': '*', 'Access-Control-Allow-Headers': 'Accept, Authorization, Content-Type, If-Match, If-Modified-Since, If-None-Match, If-Unmodified-Since, Idempotency-Key, X-Pre-Auth-Context, X-Target-Region', 'Access-Control-Allow-Methods': 'GET, POST, PATCH, PUT, DELETE, OPTIONS', 'Access-Control-Expose-Headers': 'ETag, Twilio-Request-Id', 'Access-Control-Allow-Credentials': 'true', 'X-Shenanigans': 'none', 'X-Cache': 'Miss from cloudfront', 'Via': '1.1 c4809662226af2602188548ec60364e4.cloudfront.net (CloudFront)', 'X-Amz-Cf-Pop': 'JNB51-P2', 'X-Amz-Cf-Id': 'uIiz6pak103411s8zoh7cjYyClcTSucJmnoaBvguF9Mip-z4Y0n4Yw=='}
2025-04-24 07:27:13,473 | INFO | Sent WhatsApp message to whatsapp:+27729186702 for order URC1053: SM1f1e61b6b3b88ebc79386d095c925383
2025-04-24 07:27:13,475 | INFO | -- BEGIN Twilio API Request --
2025-04-24 07:27:13,475 | INFO | POST Request: https://api.twilio.com/2010-04-01/Accounts/AC78528274fa496d197171ff628cadc23a/Messages.json
2025-04-24 07:27:13,475 | INFO | Headers:
2025-04-24 07:27:13,475 | INFO | Content-Type : application/x-www-form-urlencoded
2025-04-24 07:27:13,475 | INFO | Accept : application/json
2025-04-24 07:27:13,475 | INFO | User-Agent : twilio-python/9.5.2 (Darwin arm64) Python/3.13.3
2025-04-24 07:27:13,475 | INFO | X-Twilio-Client : python-9.5.2
2025-04-24 07:27:13,475 | INFO | Accept-Charset : utf-8
2025-04-24 07:27:13,475 | INFO | -- END Twilio API Request --
2025-04-24 07:27:13,833 | INFO | Response Status Code: 201
2025-04-24 07:27:13,833 | INFO | Response Headers: {'Content-Type': 'application/json;charset=utf-8', 'Content-Length': '860', 'Connection': 'keep-alive', 'Date': 'Thu, 24 Apr 2025 05:27:13 GMT', 'X-Powered-By': 'AT-5000', 'Twilio-Concurrent-Requests': '1', 'Twilio-Request-Id': 'RQ4568e7bfa8238f8c119390c3e4d5f3fe', 'Twilio-Request-Duration': '0.095', 'X-Home-Region': 'us1', 'X-Api-Domain': 'api.twilio.com', 'Strict-Transport-Security': 'max-age=31536000', 'Access-Control-Allow-Origin': '*', 'Access-Control-Allow-Headers': 'Accept, Authorization, Content-Type, If-Match, If-Modified-Since, If-None-Match, If-Unmodified-Since, Idempotency-Key, X-Pre-Auth-Context, X-Target-Region', 'Access-Control-Allow-Methods': 'GET, POST, PATCH, PUT, DELETE, OPTIONS', 'Access-Control-Expose-Headers': 'ETag, Twilio-Request-Id', 'Access-Control-Allow-Credentials': 'true', 'X-Shenanigans': 'none', 'X-Cache': 'Miss from cloudfront', 'Via': '1.1 c4809662226af2602188548ec60364e4.cloudfront.net (CloudFront)', 'X-Amz-Cf-Pop': 'JNB51-P2', 'X-Amz-Cf-Id': 'HejXp23H3eOluT6dP-dN6SYIPMK2J2GVjx8MZAYoeOytsZXPske9pw=='}
2025-04-24 07:27:13,833 | INFO | Sent WhatsApp message to whatsapp:+27828249479 for order URC1053: SM4568e7bfa8238f8c119390c3e4d5f3fe
